Copyright 1986-2015 Xilinx, Inc. All Rights Reserved.
----------------------------------------------------------------------------------------------------------------
| Tool Version : Vivado v.2015.2 (lin64) Build 1266856 Fri Jun 26 16:35:25 MDT 2015
| Date         : Sat Jul  2 12:39:17 2022
| Host         : jiu-730QCJ-730QCR running 64-bit Ubuntu 20.04.4 LTS
| Command      : report_timing -file out/post_route_timing.rpt -sort_by group -max_paths 100 -path_type summary
| Design       : red_pitaya_top
| Device       : 7z010-clg400
| Speed File   : -1  PRODUCTION 1.11 2014-09-11
----------------------------------------------------------------------------------------------------------------

Timing Report

Startpoint                     Endpoint                       Slack(ns)     
----------------------------------------------------------------------------
adc_dat_b_reg[1]/C             i_lock/i_lock_pid_block_A/kp_mult/A[16]
                                                              -14.919       
adc_dat_b_reg[1]/C             i_lock/i_lock_pid_block_A/kp_mult/A[17]
                                                              -14.784       
adc_dat_b_reg[1]/C             i_lock/i_lock_pid_block_A/kp_mult/A[18]
                                                              -14.784       
adc_dat_b_reg[1]/C             i_lock/i_lock_pid_block_A/kp_mult/A[19]
                                                              -14.784       
adc_dat_b_reg[1]/C             i_lock/i_lock_pid_block_A/kp_mult/A[14]
                                                              -14.779       
adc_dat_b_reg[1]/C             i_lock/i_lock_pid_block_A/kp_mult/A[15]
                                                              -14.779       
adc_dat_b_reg[1]/C             i_lock/i_lock_pid_block_A/kp_mult/A[20]
                                                              -14.674       
adc_dat_b_reg[1]/C             i_lock/i_lock_pid_block_A/kp_mult/A[24]
                                                              -14.625       
adc_dat_b_reg[1]/C             i_lock/i_lock_pid_block_A/kp_mult/A[29]
                                                              -14.624       
adc_dat_b_reg[1]/C             i_lock/i_lock_pid_block_A/kp_mult/A[28]
                                                              -14.620       
adc_dat_b_reg[1]/C             i_lock/i_lock_pid_block_A/kp_mult/A[25]
                                                              -14.617       
adc_dat_b_reg[1]/C             i_lock/i_lock_pid_block_A/kp_mult/A[26]
                                                              -14.617       
adc_dat_b_reg[1]/C             i_lock/i_lock_pid_block_A/kp_mult/A[27]
                                                              -14.617       
adc_dat_b_reg[1]/C             i_lock/i_lock_pid_block_B/ki_mult_reg/A[17]
                                                              -14.554       
adc_dat_b_reg[1]/C             i_lock/i_lock_pid_block_B/ki_mult_reg/A[18]
                                                              -14.554       
adc_dat_b_reg[1]/C             i_lock/i_lock_pid_block_B/ki_mult_reg/A[19]
                                                              -14.554       
adc_dat_b_reg[1]/C             i_lock/i_lock_pid_block_B/ki_mult_reg/A[14]
                                                              -14.548       
adc_dat_b_reg[1]/C             i_lock/i_lock_pid_block_B/ki_mult_reg/A[15]
                                                              -14.548       
adc_dat_b_reg[1]/C             i_lock/i_lock_pid_block_B/ki_mult_reg/A[16]
                                                              -14.520       
adc_dat_b_reg[1]/C             i_lock/i_lock_pid_block_A/psdsp_13/D
                                                              -14.512       
adc_dat_b_reg[1]/C             i_lock/i_lock_pid_block_A/kp_mult/A[21]
                                                              -14.485       
adc_dat_b_reg[1]/C             i_lock/i_lock_pid_block_A/kp_mult/A[22]
                                                              -14.485       
adc_dat_b_reg[1]/C             i_lock/i_lock_pid_block_A/kp_mult/A[23]
                                                              -14.485       
adc_dat_b_reg[1]/C             i_lock/i_lock_pid_block_A/psdsp_9/D
                                                              -14.453       
adc_dat_b_reg[1]/C             i_lock/i_lock_pid_block_B/ki_mult_reg/A[20]
                                                              -14.453       
adc_dat_b_reg[1]/C             i_lock/i_lock_pid_block_A/psdsp_12/D
                                                              -14.449       
adc_dat_b_reg[1]/C             i_lock/i_lock_pid_block_B/ki_mult_reg/A[24]
                                                              -14.403       
adc_dat_b_reg[1]/C             i_lock/i_lock_pid_block_A/kp_mult/A[12]
                                                              -14.401       
adc_dat_b_reg[1]/C             i_lock/i_lock_pid_block_B/ki_mult_reg/A[28]
                                                              -14.399       
adc_dat_b_reg[1]/C             i_lock/i_lock_pid_block_B/ki_mult_reg/A[25]
                                                              -14.395       
adc_dat_b_reg[1]/C             i_lock/i_lock_pid_block_B/ki_mult_reg/A[26]
                                                              -14.395       
adc_dat_b_reg[1]/C             i_lock/i_lock_pid_block_B/ki_mult_reg/A[27]
                                                              -14.395       
adc_dat_b_reg[1]/C             i_lock/i_lock_pid_block_A/kp_mult/A[13]
                                                              -14.395       
adc_dat_b_reg[1]/C             i_lock/i_lock_pid_block_B/ki_mult_reg/A[29]
                                                              -14.393       
adc_dat_b_reg[1]/C             i_lock/i_lock_pid_block_B/ki_mult_reg/A[12]
                                                              -14.387       
adc_dat_b_reg[1]/C             i_lock/i_lock_pid_block_A/psdsp_11/D
                                                              -14.358       
adc_dat_b_reg[1]/C             i_lock/i_lock_pid_block_A/psdsp_10/D
                                                              -14.335       
adc_dat_b_reg[1]/C             i_lock/i_lock_pid_block_A/psdsp_6/D
                                                              -14.319       
adc_dat_b_reg[1]/C             i_lock/i_lock_pid_block_B/ki_mult_reg/A[13]
                                                              -14.314       
adc_dat_b_reg[1]/C             i_lock/i_lock_pid_block_A/psdsp_5/D
                                                              -14.313       
adc_dat_b_reg[1]/C             i_lock/i_lock_pid_block_A/kp_mult/A[10]
                                                              -14.310       
adc_dat_b_reg[1]/C             i_lock/i_lock_pid_block_A/psdsp_8/D
                                                              -14.295       
adc_dat_b_reg[1]/C             i_lock/i_lock_pid_block_A/kp_mult/A[8]
                                                              -14.278       
adc_dat_b_reg[1]/C             i_lock/i_lock_pid_block_A/kp_mult/A[9]
                                                              -14.278       
adc_dat_b_reg[1]/C             i_lock/i_lock_pid_block_B/ki_mult_reg/A[21]
                                                              -14.263       
adc_dat_b_reg[1]/C             i_lock/i_lock_pid_block_B/ki_mult_reg/A[22]
                                                              -14.263       
adc_dat_b_reg[1]/C             i_lock/i_lock_pid_block_B/ki_mult_reg/A[23]
                                                              -14.263       
adc_dat_b_reg[1]/C             i_lock/i_lock_pid_block_A/psdsp_7/D
                                                              -14.261       
adc_dat_b_reg[1]/C             i_lock/i_lock_pid_block_A/kp_mult/A[11]
                                                              -14.255       
adc_dat_b_reg[1]/C             i_lock/i_lock_pid_block_B/ki_mult_reg/A[10]
                                                              -14.236       
adc_dat_b_reg[1]/C             i_lock/i_lock_pid_block_A/psdsp_4/D
                                                              -14.207       
adc_dat_b_reg[1]/C             i_lock/i_lock_pid_block_B/ki_mult_reg/A[8]
                                                              -14.203       
adc_dat_b_reg[1]/C             i_lock/i_lock_pid_block_B/ki_mult_reg/A[9]
                                                              -14.198       
adc_dat_b_reg[1]/C             i_lock/i_lock_pid_block_A/psdsp_1/D
                                                              -14.195       
adc_dat_b_reg[1]/C             i_lock/i_lock_pid_block_B/ki_mult_reg/A[11]
                                                              -14.177       
adc_dat_b_reg[1]/C             i_lock/i_lock_pid_block_A/psdsp_3/D
                                                              -14.175       
adc_dat_b_reg[1]/C             i_lock/i_lock_pid_block_A/psdsp_2/D
                                                              -14.147       
adc_dat_b_reg[1]/C             i_lock/i_lock_pid_block_A/psdsp/D
                                                              -14.133       
adc_dat_b_reg[1]/C             i_lock/i_lock_pid_block_B/psdsp_44/D
                                                              -14.128       
adc_dat_b_reg[1]/C             i_lock/i_lock_pid_block_A/psdsp_15/D
                                                              -14.128       
adc_dat_b_reg[1]/C             i_lock/i_lock_pid_block_A/psdsp_14/D
                                                              -14.121       
adc_dat_b_reg[1]/C             i_lock/i_lock_pid_block_A/kp_mult/A[6]
                                                              -14.100       
adc_dat_b_reg[1]/C             i_lock/i_lock_pid_block_B/psdsp_39/D
                                                              -14.099       
adc_dat_b_reg[1]/C             i_lock/i_lock_pid_block_B/psdsp_35/D
                                                              -14.087       
adc_dat_b_reg[1]/C             i_lock/i_lock_pid_block_B/psdsp_34/D
                                                              -14.082       
adc_dat_b_reg[1]/C             i_lock/i_lock_pid_block_B/psdsp_43/D
                                                              -14.076       
adc_dat_b_reg[1]/C             i_lock/i_lock_pid_block_B/psdsp_42/D
                                                              -14.054       
adc_dat_b_reg[1]/C             i_lock/i_lock_pid_block_B/ki_mult_reg/A[6]
                                                              -14.041       
adc_dat_b_reg[1]/C             i_lock/i_lock_pid_block_B/psdsp_41/D
                                                              -14.031       
adc_dat_b_reg[1]/C             i_lock/i_lock_pid_block_A/kp_mult/A[7]
                                                              -14.016       
adc_dat_b_reg[1]/C             i_lock/i_lock_pid_block_B/psdsp_40/D
                                                              -13.985       
adc_dat_b_reg[1]/C             i_lock/i_lock_pid_block_B/psdsp_38/D
                                                              -13.973       
adc_dat_b_reg[1]/C             i_lock/i_lock_pid_block_B/ki_mult_reg/A[7]
                                                              -13.970       
adc_dat_b_reg[1]/C             i_lock/i_lock_pid_block_B/psdsp_37/D
                                                              -13.957       
adc_dat_b_reg[1]/C             i_lock/i_lock_pid_block_B/ki_mult_reg/A[4]
                                                              -13.948       
adc_dat_b_reg[1]/C             i_lock/i_lock_pid_block_B/ki_mult_reg/A[5]
                                                              -13.943       
adc_dat_b_reg[1]/C             i_lock/i_lock_pid_block_B/psdsp_33/D
                                                              -13.942       
adc_dat_b_reg[1]/C             i_lock/i_lock_pid_block_B/psdsp_36/D
                                                              -13.940       
adc_dat_b_reg[1]/C             i_lock/i_lock_pid_block_B/psdsp_32/D
                                                              -13.938       
adc_dat_b_reg[1]/C             i_lock/i_lock_pid_block_B/psdsp_31/D
                                                              -13.917       
adc_dat_b_reg[1]/C             i_lock/i_lock_pid_block_A/kp_mult/A[4]
                                                              -13.846       
adc_dat_b_reg[1]/C             i_lock/i_lock_pid_block_A/kp_mult/A[5]
                                                              -13.843       
adc_dat_b_reg[1]/C             i_lock/i_lock_pid_block_B/psdsp_30/D
                                                              -13.791       
adc_dat_b_reg[1]/C             i_lock/i_lock_pid_block_A/psdsp_16/D
                                                              -13.770       
adc_dat_b_reg[1]/C             i_lock/i_lock_pid_block_B/psdsp_47/D
                                                              -13.703       
adc_dat_b_reg[1]/C             i_lock/i_lock_pid_block_A/psdsp_21/D
                                                              -13.664       
adc_dat_b_reg[1]/C             i_lock/i_lock_pid_block_A/psdsp_17/D
                                                              -13.654       
adc_dat_b_reg[1]/C             i_lock/i_lock_pid_block_A/kp_mult/A[2]
                                                              -13.543       
adc_dat_b_reg[1]/C             i_lock/sys_rdata_reg[1]/D      -13.496       
adc_dat_b_reg[1]/C             i_lock/i_lock_pid_block_A/psdsp_24/D
                                                              -13.489       
adc_dat_b_reg[1]/C             i_lock/i_lock_pid_block_B/psdsp_53/D
                                                              -13.486       
adc_dat_b_reg[1]/C             i_lock/i_lock_pid_block_A/psdsp_23/D
                                                              -13.486       
adc_dat_b_reg[1]/C             i_lock/i_lock_pid_block_B/ki_mult_reg/A[3]
                                                              -13.485       
adc_dat_b_reg[1]/C             i_lock/i_lock_pid_block_A/kp_mult/A[3]
                                                              -13.435       
adc_dat_b_reg[1]/C             i_lock/i_lock_pid_block_B/ki_mult_reg/A[2]
                                                              -13.434       
adc_dat_b_reg[1]/C             i_lock/i_lock_pid_block_B/psdsp_52/D
                                                              -13.427       
adc_dat_b_reg[1]/C             i_lock/sys_rdata_reg[7]/D      -13.421       
adc_dat_b_reg[1]/C             i_lock/i_lock_pid_block_B/psdsp_51/D
                                                              -13.410       
adc_dat_b_reg[1]/C             i_lock/i_lock_pid_block_B/psdsp_54/D
                                                              -13.232       
adc_dat_b_reg[1]/C             i_lock/i_lock_pid_block_A/psdsp_20/D
                                                              -13.215       
i_lock/i_lock_pid_block_A/kp_reg_reg[2]/C
                               dac_dat_b_reg[5]/D             -9.769        
i_lock/i_lock_pid_block_A/kp_reg_reg[2]/C
                               dac_dat_a_reg[5]/D             -9.723        
i_lock/i_lock_pid_block_A/kp_reg_reg[2]/C
                               dac_dat_b_reg[1]/D             -9.684        
i_lock/i_lock_pid_block_A/kp_reg_reg[2]/C
                               dac_dat_a_reg[12]/D            -9.658        
i_lock/i_lock_pid_block_A/kp_reg_reg[2]/C
                               dac_dat_a_reg[6]/D             -9.626        
i_lock/i_lock_pid_block_A/kp_reg_reg[2]/C
                               dac_dat_a_reg[1]/D             -9.562        
i_lock/i_lock_pid_block_A/kp_reg_reg[2]/C
                               dac_dat_b_reg[12]/D            -9.528        
i_lock/i_lock_pid_block_B/kp_reg_reg[2]/C
                               dac_dat_b_reg[2]/D             -9.516        
i_lock/i_lock_pid_block_B/kp_reg_reg[2]/C
                               dac_dat_a_reg[3]/D             -9.413        
i_lock/i_lock_pid_block_A/kp_reg_reg[2]/C
                               dac_dat_b_reg[3]/D             -9.394        
i_lock/i_lock_pid_block_A/kp_reg_reg[2]/C
                               dac_dat_a_reg[11]/D            -9.370        
i_lock/i_lock_pid_block_A/kp_reg_reg[2]/C
                               dac_dat_b_reg[9]/D             -9.337        
i_lock/i_lock_pid_block_A/kp_reg_reg[2]/C
                               dac_dat_a_reg[4]/D             -9.307        
i_lock/i_lock_pid_block_A/kp_reg_reg[2]/C
                               dac_dat_a_reg[9]/D             -9.239        
i_lock/i_lock_pid_block_A/kp_reg_reg[2]/C
                               dac_dat_a_reg[7]/D             -9.223        
i_lock/i_lock_pid_block_A/kp_reg_reg[2]/C
                               dac_dat_b_reg[11]/D            -9.202        
i_lock/i_lock_pid_block_A/kp_reg_reg[2]/C
                               dac_dat_b_reg[0]/D             -9.147        
i_lock/i_lock_pid_block_A/kp_reg_reg[2]/C
                               dac_dat_b_reg[4]/D             -9.136        
i_lock/i_lock_pid_block_A/kp_reg_reg[2]/C
                               dac_dat_b_reg[7]/D             -9.081        
i_lock/i_lock_pid_block_B/kp_reg_reg[2]/C
                               dac_dat_a_reg[0]/D             -9.077        
i_lock/i_lock_pid_block_A/kp_reg_reg[2]/C
                               dac_dat_b_reg[6]/D             -9.070        
i_lock/i_lock_pid_block_A/kp_reg_reg[2]/C
                               dac_dat_b_reg[8]/D             -9.055        
i_lock/i_lock_pid_block_A/kp_reg_reg[2]/C
                               dac_dat_a_reg[8]/D             -9.049        
i_lock/i_lock_pid_block_A/kp_reg_reg[2]/C
                               dac_dat_a_reg[10]/D            -8.973        
i_lock/i_lock_pid_block_A/kp_reg_reg[2]/C
                               dac_dat_b_reg[10]/D            -8.909        
i_lock/i_lock_pid_block_B/kp_reg_reg[2]/C
                               dac_dat_a_reg[2]/D             -8.659        
i_lock/i_lock_pid_block_A/kp_reg_reg[2]/C
                               dac_dat_b_reg[13]/D            -8.547        
i_lock/i_lock_pid_block_A/kp_reg_reg[2]/C
                               dac_dat_a_reg[13]/D            -7.038        
adc_rstn_reg/C                 i_lock/i_lock_ctrl/cnt_reg[16]/CLR
                                                              -1.674        
adc_rstn_reg/C                 i_lock/i_lock_ctrl/cnt_reg[17]/CLR
                                                              -1.674        
adc_rstn_reg/C                 i_lock/i_lock_ctrl/cnt_reg[18]/CLR
                                                              -1.674        
adc_rstn_reg/C                 i_lock/i_lock_ctrl/cnt_reg[19]/CLR
                                                              -1.674        
pwm[2]/v_r_reg[0]/C            pwm[2]/pwm_o_reg/D             -1.540        
i_ps/system_i/system_i/axi_protocol_converter_0/inst/gen_axilite.gen_b2s_conv.axilite_b2s/WR.aw_channel_0/cmd_translator_0/s_axburst_eq1_reg/C
                               i_ps/system_i/system_i/axi_protocol_converter_0/inst/gen_axilite.gen_b2s_conv.axilite_b2s/WR.aw_channel_0/cmd_translator_0/incr_cmd_0/axaddr_incr_reg[11]/D
                                                              -1.494        
i_ps/system_i/system_i/xadc/inst/AXI_LITE_IPIF_I/I_SLAVE_ATTACHMENT/INCLUDE_DPHASE_TIMER.dpto_cnt_reg[6]/C
                               i_ps/system_i/system_i/axi_protocol_converter_0/inst/gen_axilite.gen_b2s_conv.axilite_b2s/RD.ar_channel_0/cmd_translator_0/incr_cmd_0/axaddr_incr_reg[11]/D
                                                              -1.381        
pwm[0]/vcnt_r_reg[4]/C         pwm[0]/pwm_o_reg/D             -1.154        
adc_rstn_reg/C                 i_lock/i_lock_ctrl/cnt_reg[11]/CLR
                                                              -0.937        
adc_rstn_reg/C                 i_lock/i_lock_ctrl/cnt_reg[12]/CLR
                                                              -0.937        
adc_rstn_reg/C                 i_lock/i_lock_ctrl/cnt_reg[13]/CLR
                                                              -0.937        
adc_rstn_reg/C                 i_lock/i_lock_ctrl/cnt_reg[14]/CLR
                                                              -0.937        
adc_rstn_reg/C                 i_lock/i_lock_ctrl/cnt_reg[15]/CLR
                                                              -0.937        
pwm[1]/vcnt_r_reg[0]/C         pwm[1]/pwm_o_reg/D             -0.885        
i_ps/system_i/system_i/axi_protocol_converter_0/inst/gen_axilite.gen_b2s_conv.axilite_b2s/WR.aw_channel_0/cmd_translator_0/s_axburst_eq1_reg/C
                               i_ps/system_i/system_i/axi_protocol_converter_0/inst/gen_axilite.gen_b2s_conv.axilite_b2s/WR.aw_channel_0/cmd_translator_0/incr_cmd_0/axaddr_incr_reg[9]/D
                                                              -0.884        
adc_rstn_reg/C                 i_lock/i_lock_ctrl/cnt_reg[28]/CLR
                                                              -0.819        
adc_rstn_reg/C                 i_lock/i_lock_ctrl/cnt_reg[29]/CLR
                                                              -0.819        
adc_rstn_reg/C                 i_lock/i_lock_ctrl/cnt_reg[30]/CLR
                                                              -0.819        
adc_rstn_reg/C                 i_lock/i_lock_ctrl/cnt_reg[10]/CLR
                                                              -0.808        
adc_rstn_reg/C                 i_lock/i_lock_ctrl/cnt_reg[8]/CLR
                                                              -0.808        
adc_rstn_reg/C                 i_lock/i_lock_ctrl/cnt_reg[9]/CLR
                                                              -0.808        
i_ps/system_i/system_i/axi_protocol_converter_0/inst/gen_axilite.gen_b2s_conv.axilite_b2s/WR.aw_channel_0/cmd_translator_0/s_axburst_eq1_reg/C
                               i_ps/system_i/system_i/axi_protocol_converter_0/inst/gen_axilite.gen_b2s_conv.axilite_b2s/WR.aw_channel_0/cmd_translator_0/incr_cmd_0/axaddr_incr_reg[10]/D
                                                              -0.789        
adc_rstn_reg/C                 i_lock/i_lock_ctrl/cnt_reg[20]/CLR
                                                              -0.778        
adc_rstn_reg/C                 i_lock/i_lock_ctrl/cnt_reg[21]/CLR
                                                              -0.778        
adc_rstn_reg/C                 i_lock/i_lock_ctrl/cnt_reg[22]/CLR
                                                              -0.778        
adc_rstn_reg/C                 i_lock/i_lock_ctrl/cnt_reg[23]/CLR
                                                              -0.778        
i_ps/system_i/system_i/axi_protocol_converter_0/inst/gen_axilite.gen_b2s_conv.axilite_b2s/RD.ar_channel_0/cmd_translator_0/incr_cmd_0/axaddr_incr_reg[2]/C
                               i_ps/system_i/system_i/xadc/inst/AXI_XADC_CORE_I/XADC_INST/DADDR[0]
                                                              -0.774        
i_ps/system_i/system_i/axi_protocol_converter_0/inst/gen_axilite.gen_b2s_conv.axilite_b2s/WR.aw_channel_0/cmd_translator_0/s_axburst_eq1_reg/C
                               i_ps/system_i/system_i/axi_protocol_converter_0/inst/gen_axilite.gen_b2s_conv.axilite_b2s/WR.aw_channel_0/cmd_translator_0/incr_cmd_0/axaddr_incr_reg[8]/D
                                                              -0.773        
i_ps/system_i/system_i/xadc/inst/AXI_LITE_IPIF_I/I_SLAVE_ATTACHMENT/INCLUDE_DPHASE_TIMER.dpto_cnt_reg[6]/C
                               i_ps/system_i/system_i/axi_protocol_converter_0/inst/gen_axilite.gen_b2s_conv.axilite_b2s/RD.ar_channel_0/cmd_translator_0/incr_cmd_0/axaddr_incr_reg[9]/D
                                                              -0.730        
adc_rstn_reg/C                 i_lock/i_lock_ctrl/cnt_reg[24]/CLR
                                                              -0.683        
adc_rstn_reg/C                 i_lock/i_lock_ctrl/cnt_reg[25]/CLR
                                                              -0.683        
adc_rstn_reg/C                 i_lock/i_lock_ctrl/cnt_reg[26]/CLR
                                                              -0.683        
adc_rstn_reg/C                 i_lock/i_lock_ctrl/cnt_reg[27]/CLR
                                                              -0.683        
i_ps/system_i/system_i/processing_system7/inst/PS7_i/MAXIGP1ACLK
                               i_ps/system_i/system_i/xadc/inst/INTR_CTRLR_GEN_I.INTERRUPT_CONTROL_I/GEN_IP_IRPT_STATUS_REG[4].GEN_REG_STATUS.ip_irpt_status_reg_reg[4]/D
                                                              -0.674        
adc_rstn_reg/C                 i_lock/i_lock_ctrl/cnt_reg[4]/CLR
                                                              -0.658        
adc_rstn_reg/C                 i_lock/i_lock_ctrl/cnt_reg[5]/CLR
                                                              -0.658        
adc_rstn_reg/C                 i_lock/i_lock_ctrl/cnt_reg[6]/CLR
                                                              -0.658        
adc_rstn_reg/C                 i_lock/i_lock_ctrl/cnt_reg[7]/CLR
                                                              -0.658        
i_ps/system_i/system_i/xadc/inst/AXI_LITE_IPIF_I/I_SLAVE_ATTACHMENT/INCLUDE_DPHASE_TIMER.dpto_cnt_reg[6]/C
                               i_ps/system_i/system_i/axi_protocol_converter_0/inst/gen_axilite.gen_b2s_conv.axilite_b2s/RD.ar_channel_0/cmd_translator_0/incr_cmd_0/axaddr_incr_reg[10]/D
                                                              -0.646        
i_ps/system_i/system_i/axi_protocol_converter_0/inst/gen_axilite.gen_b2s_conv.axilite_b2s/WR.aw_channel_0/cmd_translator_0/s_axburst_eq1_reg/C
                               i_ps/system_i/system_i/axi_protocol_converter_0/inst/gen_axilite.gen_b2s_conv.axilite_b2s/WR.aw_channel_0/cmd_translator_0/incr_cmd_0/axaddr_incr_reg[7]/D
                                                              -0.639        
i_ps/system_i/system_i/xadc/inst/AXI_LITE_IPIF_I/I_SLAVE_ATTACHMENT/INCLUDE_DPHASE_TIMER.dpto_cnt_reg[6]/C
                               i_ps/system_i/system_i/axi_protocol_converter_0/inst/gen_axilite.gen_b2s_conv.axilite_b2s/RD.ar_channel_0/cmd_translator_0/incr_cmd_0/axaddr_incr_reg[8]/D
                                                              -0.626        
i_ps/system_i/system_i/axi_protocol_converter_0/inst/gen_axilite.gen_b2s_conv.axilite_b2s/WR.aw_channel_0/aw_cmd_fsm_0/state_reg[0]/C
                               i_ps/system_i/system_i/axi_protocol_converter_0/inst/gen_axilite.gen_b2s_conv.axilite_b2s/WR.aw_channel_0/cmd_translator_0/wrap_cmd_0/wrap_second_len_r_reg[0]/D
                                                              -0.618        
i_ps/system_i/system_i/axi_protocol_converter_0/inst/gen_axilite.gen_b2s_conv.axilite_b2s/RD.r_channel_0/transaction_fifo_0/cnt_read_reg[0]_rep__0/C
                               i_ps/system_i/system_i/axi_protocol_converter_0/inst/gen_axilite.gen_b2s_conv.axilite_b2s/RD.ar_channel_0/s_arid_r_reg[4]/CE
                                                              -0.618        
pwm[3]/v_r_reg[4]/C            pwm[3]/pwm_o_reg/D             -0.610        
i_ps/system_i/system_i/axi_protocol_converter_0/inst/gen_axilite.gen_b2s_conv.axilite_b2s/WR.aw_channel_0/cmd_translator_0/s_axburst_eq1_reg/C
                               i_ps/system_i/system_i/axi_protocol_converter_0/inst/gen_axilite.gen_b2s_conv.axilite_b2s/WR.aw_channel_0/s_awid_r_reg[10]/CE
                                                              -0.605        
i_ps/system_i/system_i/axi_protocol_converter_0/inst/gen_axilite.gen_b2s_conv.axilite_b2s/WR.aw_channel_0/cmd_translator_0/s_axburst_eq1_reg/C
                               i_ps/system_i/system_i/axi_protocol_converter_0/inst/gen_axilite.gen_b2s_conv.axilite_b2s/WR.aw_channel_0/s_awid_r_reg[11]/CE
                                                              -0.605        
i_ps/system_i/system_i/axi_protocol_converter_0/inst/gen_axilite.gen_b2s_conv.axilite_b2s/WR.aw_channel_0/cmd_translator_0/s_axburst_eq1_reg/C
                               i_ps/system_i/system_i/axi_protocol_converter_0/inst/gen_axilite.gen_b2s_conv.axilite_b2s/WR.aw_channel_0/s_awid_r_reg[5]/CE
                                                              -0.605        
i_ps/system_i/system_i/axi_protocol_converter_0/inst/gen_axilite.gen_b2s_conv.axilite_b2s/WR.aw_channel_0/cmd_translator_0/s_axburst_eq1_reg/C
                               i_ps/system_i/system_i/axi_protocol_converter_0/inst/gen_axilite.gen_b2s_conv.axilite_b2s/WR.aw_channel_0/s_awid_r_reg[6]/CE
                                                              -0.605        
i_ps/system_i/system_i/axi_protocol_converter_0/inst/gen_axilite.gen_b2s_conv.axilite_b2s/WR.aw_channel_0/cmd_translator_0/s_axburst_eq1_reg/C
                               i_ps/system_i/system_i/axi_protocol_converter_0/inst/gen_axilite.gen_b2s_conv.axilite_b2s/WR.aw_channel_0/s_awid_r_reg[7]/CE
                                                              -0.605        
i_ps/system_i/system_i/axi_protocol_converter_0/inst/gen_axilite.gen_b2s_conv.axilite_b2s/WR.aw_channel_0/cmd_translator_0/s_axburst_eq1_reg/C
                               i_ps/system_i/system_i/axi_protocol_converter_0/inst/gen_axilite.gen_b2s_conv.axilite_b2s/WR.aw_channel_0/s_awid_r_reg[8]/CE
                                                              -0.605        
i_ps/system_i/system_i/axi_protocol_converter_0/inst/gen_axilite.gen_b2s_conv.axilite_b2s/WR.aw_channel_0/cmd_translator_0/s_axburst_eq1_reg/C
                               i_ps/system_i/system_i/axi_protocol_converter_0/inst/gen_axilite.gen_b2s_conv.axilite_b2s/WR.aw_channel_0/s_awid_r_reg[9]/CE
                                                              -0.605        
i_ps/system_i/system_i/axi_protocol_converter_0/inst/gen_axilite.gen_b2s_conv.axilite_b2s/WR.aw_channel_0/cmd_translator_0/incr_cmd_0/sel_first_reg/C
                               i_ps/system_i/system_i/xadc/inst/AXI_LITE_IPIF_I/I_SLAVE_ATTACHMENT/I_DECODER/GEN_BKEND_CE_REGISTERS[12].ce_out_i_reg[12]/D
                                                              -0.596        
i_ps/system_i/system_i/axi_protocol_converter_0/inst/gen_axilite.gen_b2s_conv.axilite_b2s/WR.aw_channel_0/cmd_translator_0/s_axburst_eq1_reg/C
                               i_ps/system_i/system_i/axi_protocol_converter_0/inst/gen_axilite.gen_b2s_conv.axilite_b2s/WR.aw_channel_0/cmd_translator_0/incr_cmd_0/axaddr_incr_reg[6]/D
                                                              -0.579        
i_ps/system_i/system_i/xadc/inst/AXI_LITE_IPIF_I/I_SLAVE_ATTACHMENT/INCLUDE_DPHASE_TIMER.dpto_cnt_reg[6]/C
                               i_ps/system_i/system_i/axi_protocol_converter_0/inst/gen_axilite.gen_b2s_conv.axilite_b2s/RD.ar_channel_0/cmd_translator_0/incr_cmd_0/axaddr_incr_reg[5]/D
                                                              -0.532        
i_ps/system_i/system_i/processing_system7/inst/PS7_i/MAXIGP1ACLK
                               i_ps/system_i/system_i/xadc/inst/INTR_CTRLR_GEN_I.INTERRUPT_CONTROL_I/GEN_IP_IRPT_STATUS_REG[5].GEN_REG_STATUS.ip_irpt_status_reg_reg[5]/D
                                                              -0.528        
i_ps/system_i/system_i/xadc/inst/AXI_LITE_IPIF_I/I_SLAVE_ATTACHMENT/INCLUDE_DPHASE_TIMER.dpto_cnt_reg[6]/C
                               i_ps/system_i/system_i/axi_protocol_converter_0/inst/gen_axilite.gen_b2s_conv.axilite_b2s/RD.ar_channel_0/cmd_translator_0/incr_cmd_0/axaddr_incr_reg[7]/D
                                                              -0.524        
i_ps/system_i/system_i/axi_protocol_converter_0/inst/gen_axilite.gen_b2s_conv.axilite_b2s/RD.r_channel_0/transaction_fifo_0/cnt_read_reg[0]_rep__0/C
                               i_ps/system_i/system_i/axi_protocol_converter_0/inst/gen_axilite.gen_b2s_conv.axilite_b2s/RD.ar_channel_0/s_arid_r_reg[10]/CE
                                                              -0.512        
i_ps/system_i/system_i/axi_protocol_converter_0/inst/gen_axilite.gen_b2s_conv.axilite_b2s/RD.r_channel_0/transaction_fifo_0/cnt_read_reg[0]_rep__0/C
                               i_ps/system_i/system_i/axi_protocol_converter_0/inst/gen_axilite.gen_b2s_conv.axilite_b2s/RD.ar_channel_0/s_arid_r_reg[11]/CE
                                                              -0.512        
i_ps/system_i/system_i/axi_protocol_converter_0/inst/gen_axilite.gen_b2s_conv.axilite_b2s/RD.r_channel_0/transaction_fifo_0/cnt_read_reg[0]_rep__0/C
                               i_ps/system_i/system_i/axi_protocol_converter_0/inst/gen_axilite.gen_b2s_conv.axilite_b2s/RD.ar_channel_0/s_arid_r_reg[1]/CE
                                                              -0.512        
i_ps/system_i/system_i/axi_protocol_converter_0/inst/gen_axilite.gen_b2s_conv.axilite_b2s/RD.r_channel_0/transaction_fifo_0/cnt_read_reg[0]_rep__0/C
                               i_ps/system_i/system_i/axi_protocol_converter_0/inst/gen_axilite.gen_b2s_conv.axilite_b2s/RD.ar_channel_0/s_arid_r_reg[2]/CE
                                                              -0.512        
i_ps/system_i/system_i/axi_protocol_converter_0/inst/gen_axilite.gen_b2s_conv.axilite_b2s/RD.r_channel_0/transaction_fifo_0/cnt_read_reg[0]_rep__0/C
                               i_ps/system_i/system_i/axi_protocol_converter_0/inst/gen_axilite.gen_b2s_conv.axilite_b2s/RD.ar_channel_0/s_arid_r_reg[5]/CE
                                                              -0.512        
i_ps/system_i/system_i/axi_protocol_converter_0/inst/gen_axilite.gen_b2s_conv.axilite_b2s/RD.r_channel_0/transaction_fifo_0/cnt_read_reg[0]_rep__0/C
                               i_ps/system_i/system_i/axi_protocol_converter_0/inst/gen_axilite.gen_b2s_conv.axilite_b2s/RD.ar_channel_0/s_arid_r_reg[6]/CE
                                                              -0.512        
i_ps/system_i/system_i/axi_protocol_converter_0/inst/gen_axilite.gen_b2s_conv.axilite_b2s/RD.r_channel_0/transaction_fifo_0/cnt_read_reg[0]_rep__0/C
                               i_ps/system_i/system_i/axi_protocol_converter_0/inst/gen_axilite.gen_b2s_conv.axilite_b2s/RD.ar_channel_0/s_arid_r_reg[7]/CE
                                                              -0.512        
i_ps/system_i/system_i/axi_protocol_converter_0/inst/gen_axilite.gen_b2s_conv.axilite_b2s/RD.r_channel_0/transaction_fifo_0/cnt_read_reg[0]_rep__0/C
                               i_ps/system_i/system_i/axi_protocol_converter_0/inst/gen_axilite.gen_b2s_conv.axilite_b2s/RD.ar_channel_0/s_arid_r_reg[8]/CE
                                                              -0.512        
i_ps/system_i/system_i/processing_system7/inst/PS7_i/MAXIGP1ACLK
                               i_ps/system_i/system_i/xadc/inst/INTR_CTRLR_GEN_I.INTERRUPT_CONTROL_I/GEN_IP_IRPT_STATUS_REG[6].GEN_REG_STATUS.ip_irpt_status_reg_reg[6]/D
                                                              -0.504        
i_ps/system_i/system_i/axi_protocol_converter_0/inst/gen_axilite.gen_b2s_conv.axilite_b2s/SI_REG/ar_pipe/m_payload_i_reg[36]/C
                               i_ps/system_i/system_i/axi_protocol_converter_0/inst/gen_axilite.gen_b2s_conv.axilite_b2s/RD.ar_channel_0/cmd_translator_0/wrap_cmd_0/wrap_second_len_r_reg[0]/D
                                                              -0.502        
adc_rstn_reg/C                 i_lock/i_lock_ctrl/cnt_reg[0]/CLR
                                                              -0.499        
adc_rstn_reg/C                 i_lock/i_lock_ctrl/cnt_reg[1]/CLR
                                                              -0.499        
adc_rstn_reg/C                 i_lock/i_lock_ctrl/cnt_reg[2]/CLR
                                                              -0.499        
adc_rstn_reg/C                 i_lock/i_lock_ctrl/cnt_reg[3]/CLR
                                                              -0.499        
i_ps/system_i/system_i/processing_system7/inst/PS7_i/MAXIGP1ACLK
                               i_ps/system_i/system_i/xadc/inst/INTR_CTRLR_GEN_I.INTERRUPT_CONTROL_I/GEN_IP_IRPT_STATUS_REG[3].GEN_REG_STATUS.ip_irpt_status_reg_reg[3]/D
                                                              -0.498        
i_ps/system_i/system_i/processing_system7/inst/PS7_i/MAXIGP1ACLK
                               i_ps/system_i/system_i/xadc/inst/INTR_CTRLR_GEN_I.INTERRUPT_CONTROL_I/GEN_IP_IRPT_STATUS_REG[10].GEN_REG_STATUS.ip_irpt_status_reg_reg[10]/D
                                                              -0.496        
i_ps/system_i/system_i/axi_protocol_converter_0/inst/gen_axilite.gen_b2s_conv.axilite_b2s/SI_REG/aw_pipe/m_payload_i_reg[39]/C
                               i_ps/system_i/system_i/axi_protocol_converter_0/inst/gen_axilite.gen_b2s_conv.axilite_b2s/WR.aw_channel_0/s_awid_r_reg[0]/CE
                                                              -0.493        
i_ps/system_i/system_i/axi_protocol_converter_0/inst/gen_axilite.gen_b2s_conv.axilite_b2s/SI_REG/aw_pipe/m_payload_i_reg[39]/C
                               i_ps/system_i/system_i/axi_protocol_converter_0/inst/gen_axilite.gen_b2s_conv.axilite_b2s/WR.aw_channel_0/s_awid_r_reg[1]/CE
                                                              -0.493        
i_ps/system_i/system_i/axi_protocol_converter_0/inst/gen_axilite.gen_b2s_conv.axilite_b2s/SI_REG/aw_pipe/m_payload_i_reg[39]/C
                               i_ps/system_i/system_i/axi_protocol_converter_0/inst/gen_axilite.gen_b2s_conv.axilite_b2s/WR.aw_channel_0/s_awid_r_reg[2]/CE
                                                              -0.493        
i_ps/system_i/system_i/axi_protocol_converter_0/inst/gen_axilite.gen_b2s_conv.axilite_b2s/SI_REG/aw_pipe/m_payload_i_reg[39]/C
                               i_ps/system_i/system_i/axi_protocol_converter_0/inst/gen_axilite.gen_b2s_conv.axilite_b2s/WR.aw_channel_0/s_awid_r_reg[3]/CE
                                                              -0.493        
i_ps/system_i/system_i/axi_protocol_converter_0/inst/gen_axilite.gen_b2s_conv.axilite_b2s/SI_REG/aw_pipe/m_payload_i_reg[39]/C
                               i_ps/system_i/system_i/axi_protocol_converter_0/inst/gen_axilite.gen_b2s_conv.axilite_b2s/WR.aw_channel_0/s_awid_r_reg[4]/CE
                                                              -0.493        
i_ps/system_i/system_i/axi_protocol_converter_0/inst/gen_axilite.gen_b2s_conv.axilite_b2s/WR.b_channel_0/bresp_fifo_0/cnt_read_reg[1]/C
                               i_ps/system_i/system_i/xadc/inst/INTR_CTRLR_GEN_I.ip2bus_data_int_reg[22]/CE
                                                              -0.491        
i_ps/system_i/system_i/axi_protocol_converter_0/inst/gen_axilite.gen_b2s_conv.axilite_b2s/WR.b_channel_0/bresp_fifo_0/cnt_read_reg[1]/C
                               i_ps/system_i/system_i/xadc/inst/INTR_CTRLR_GEN_I.ip2bus_data_int_reg[24]/CE
                                                              -0.491        
i_ps/system_i/system_i/axi_protocol_converter_0/inst/gen_axilite.gen_b2s_conv.axilite_b2s/WR.b_channel_0/bresp_fifo_0/cnt_read_reg[1]/C
                               i_ps/system_i/system_i/xadc/inst/INTR_CTRLR_GEN_I.ip2bus_data_int_reg[30]/CE
                                                              -0.491        
i_ps/system_i/system_i/processing_system7/inst/PS7_i/MAXIGP1ACLK
                               i_ps/system_i/system_i/xadc/inst/INTR_CTRLR_GEN_I.INTERRUPT_CONTROL_I/GEN_IP_IRPT_STATUS_REG[13].GEN_REG_STATUS.ip_irpt_status_reg_reg[13]/D
                                                              -0.489        
i_ps/system_i/system_i/processing_system7/inst/PS7_i/MAXIGP1ACLK
                               i_ps/system_i/system_i/xadc/inst/INTR_CTRLR_GEN_I.ip2bus_wrack_reg/D
                                                              -0.469        
i_ps/system_i/system_i/processing_system7/inst/PS7_i/MAXIGP1ACLK
                               i_ps/system_i/system_i/xadc/inst/INTR_CTRLR_GEN_I.INTERRUPT_CONTROL_I/GEN_IP_IRPT_STATUS_REG[8].GEN_REG_STATUS.ip_irpt_status_reg_reg[8]/D
                                                              -0.468        
i_ps/system_i/system_i/axi_protocol_converter_0/inst/gen_axilite.gen_b2s_conv.axilite_b2s/RD.ar_channel_0/cmd_translator_0/incr_cmd_0/axaddr_incr_reg[2]/C
                               i_ps/system_i/system_i/xadc/inst/AXI_LITE_IPIF_I/I_SLAVE_ATTACHMENT/I_DECODER/GEN_BKEND_CE_REGISTERS[21].ce_out_i_reg[21]/D
                                                              -0.467        
i_ps/system_i/system_i/axi_protocol_converter_0/inst/gen_axilite.gen_b2s_conv.axilite_b2s/WR.aw_channel_0/cmd_translator_0/s_axburst_eq1_reg/C
                               i_ps/system_i/system_i/axi_protocol_converter_0/inst/gen_axilite.gen_b2s_conv.axilite_b2s/WR.aw_channel_0/cmd_translator_0/incr_cmd_0/axaddr_incr_reg[5]/D
                                                              -0.465        
i_ps/system_i/system_i/processing_system7/inst/PS7_i/MAXIGP1ACLK
                               i_ps/system_i/system_i/xadc/inst/INTR_CTRLR_GEN_I.INTERRUPT_CONTROL_I/GEN_IP_IRPT_STATUS_REG[9].GEN_REG_STATUS.ip_irpt_status_reg_reg[9]/D
                                                              -0.462        
i_ps/system_i/system_i/axi_protocol_converter_0/inst/gen_axilite.gen_b2s_conv.axilite_b2s/RD.ar_channel_0/cmd_translator_0/incr_cmd_0/axaddr_incr_reg[2]/C
                               i_ps/system_i/system_i/xadc/inst/AXI_LITE_IPIF_I/I_SLAVE_ATTACHMENT/I_DECODER/GEN_BKEND_CE_REGISTERS[9].ce_out_i_reg[9]/D
                                                              -0.459        
i_ps/system_i/system_i/processing_system7/inst/PS7_i/MAXIGP1ACLK
                               i_ps/system_i/system_i/xadc/inst/INTR_CTRLR_GEN_I.INTERRUPT_CONTROL_I/GEN_IP_IRPT_STATUS_REG[1].GEN_REG_STATUS.ip_irpt_status_reg_reg[1]/D
                                                              -0.458        
i_ps/system_i/system_i/axi_protocol_converter_0/inst/gen_axilite.gen_b2s_conv.axilite_b2s/RD.ar_channel_0/cmd_translator_0/incr_cmd_0/axaddr_incr_reg[2]/C
                               i_ps/system_i/system_i/xadc/inst/AXI_LITE_IPIF_I/I_SLAVE_ATTACHMENT/I_DECODER/GEN_BKEND_CE_REGISTERS[23].ce_out_i_reg[23]/D
                                                              -0.455        
i_ps/system_i/system_i/xadc/inst/AXI_LITE_IPIF_I/I_SLAVE_ATTACHMENT/INCLUDE_DPHASE_TIMER.dpto_cnt_reg[6]/C
                               i_ps/system_i/system_i/axi_protocol_converter_0/inst/gen_axilite.gen_b2s_conv.axilite_b2s/RD.ar_channel_0/cmd_translator_0/incr_cmd_0/axaddr_incr_reg[6]/D
                                                              -0.451        
i_ps/system_i/system_i/axi_protocol_converter_0/inst/gen_axilite.gen_b2s_conv.axilite_b2s/RD.ar_channel_0/cmd_translator_0/incr_cmd_0/axaddr_incr_reg[2]/C
                               i_ps/system_i/system_i/xadc/inst/AXI_LITE_IPIF_I/I_SLAVE_ATTACHMENT/I_DECODER/GEN_BKEND_CE_REGISTERS[2].ce_out_i_reg[2]/D
                                                              -0.444        
i_ps/system_i/system_i/axi_protocol_converter_0/inst/gen_axilite.gen_b2s_conv.axilite_b2s/RD.ar_channel_0/cmd_translator_0/incr_cmd_0/axaddr_incr_reg[2]/C
                               i_ps/system_i/system_i/xadc/inst/AXI_LITE_IPIF_I/I_SLAVE_ATTACHMENT/I_DECODER/GEN_BKEND_CE_REGISTERS[22].ce_out_i_reg[22]/D
                                                              -0.440        
i_ps/system_i/system_i/axi_protocol_converter_0/inst/gen_axilite.gen_b2s_conv.axilite_b2s/RD.r_channel_0/transaction_fifo_0/cnt_read_reg[0]_rep__0/C
                               i_ps/system_i/system_i/axi_protocol_converter_0/inst/gen_axilite.gen_b2s_conv.axilite_b2s/RD.ar_channel_0/s_arid_r_reg[3]/CE
                                                              -0.436        
i_ps/system_i/system_i/processing_system7/inst/PS7_i/MAXIGP1ACLK
                               i_ps/system_i/system_i/xadc/inst/INTR_CTRLR_GEN_I.INTERRUPT_CONTROL_I/GEN_IP_IRPT_STATUS_REG[15].GEN_REG_STATUS.ip_irpt_status_reg_reg[15]/D
                                                              -0.432        
i_ps/system_i/system_i/xadc/inst/AXI_LITE_IPIF_I/I_SLAVE_ATTACHMENT/INCLUDE_DPHASE_TIMER.dpto_cnt_reg[6]/C
                               i_ps/system_i/system_i/axi_protocol_converter_0/inst/gen_axilite.gen_b2s_conv.axilite_b2s/RD.ar_channel_0/cmd_translator_0/incr_cmd_0/axaddr_incr_reg[4]/D
                                                              -0.428        
i_ps/system_i/system_i/axi_protocol_converter_0/inst/gen_axilite.gen_b2s_conv.axilite_b2s/WR.aw_channel_0/cmd_translator_0/incr_cmd_0/sel_first_reg/C
                               i_ps/system_i/system_i/xadc/inst/AXI_LITE_IPIF_I/I_SLAVE_ATTACHMENT/I_DECODER/GEN_BKEND_CE_REGISTERS[15].ce_out_i_reg[15]/D
                                                              -0.427        
i_ps/system_i/system_i/processing_system7/inst/PS7_i/MAXIGP1ACLK
                               i_ps/system_i/system_i/xadc/inst/INTR_CTRLR_GEN_I.INTERRUPT_CONTROL_I/GEN_IP_IRPT_STATUS_REG[16].GEN_REG_STATUS.ip_irpt_status_reg_reg[16]/D
                                                              -0.416        
i_ps/system_i/system_i/axi_protocol_converter_0/inst/gen_axilite.gen_b2s_conv.axilite_b2s/WR.b_channel_0/bresp_fifo_0/cnt_read_reg[1]/C
                               i_ps/system_i/system_i/xadc/inst/INTR_CTRLR_GEN_I.ip2bus_data_int_reg[17]/CE
                                                              -0.407        
i_ps/system_i/system_i/axi_protocol_converter_0/inst/gen_axilite.gen_b2s_conv.axilite_b2s/WR.b_channel_0/bresp_fifo_0/cnt_read_reg[1]/C
                               i_ps/system_i/system_i/xadc/inst/INTR_CTRLR_GEN_I.ip2bus_data_int_reg[20]/CE
                                                              -0.407        
i_ps/system_i/system_i/axi_protocol_converter_0/inst/gen_axilite.gen_b2s_conv.axilite_b2s/WR.b_channel_0/bresp_fifo_0/cnt_read_reg[1]/C
                               i_ps/system_i/system_i/xadc/inst/INTR_CTRLR_GEN_I.ip2bus_data_int_reg[21]/CE
                                                              -0.407        
i_ps/system_i/system_i/axi_protocol_converter_0/inst/gen_axilite.gen_b2s_conv.axilite_b2s/WR.b_channel_0/bresp_fifo_0/cnt_read_reg[1]/C
                               i_ps/system_i/system_i/xadc/inst/INTR_CTRLR_GEN_I.ip2bus_data_int_reg[25]/CE
                                                              -0.407        
i_ps/system_i/system_i/axi_protocol_converter_0/inst/gen_axilite.gen_b2s_conv.axilite_b2s/RD.r_channel_0/transaction_fifo_0/cnt_read_reg[0]_rep__0/C
                               i_ps/system_i/system_i/axi_protocol_converter_0/inst/gen_axilite.gen_b2s_conv.axilite_b2s/RD.ar_channel_0/cmd_translator_0/s_axburst_eq0_reg/CE
                                                              -0.395        
i_ps/system_i/system_i/axi_protocol_converter_0/inst/gen_axilite.gen_b2s_conv.axilite_b2s/RD.r_channel_0/transaction_fifo_0/cnt_read_reg[0]_rep__0/C
                               i_ps/system_i/system_i/axi_protocol_converter_0/inst/gen_axilite.gen_b2s_conv.axilite_b2s/RD.ar_channel_0/cmd_translator_0/s_axburst_eq1_reg/CE
                                                              -0.395        
i_ps/system_i/system_i/axi_protocol_converter_0/inst/gen_axilite.gen_b2s_conv.axilite_b2s/WR.b_channel_0/bresp_fifo_0/cnt_read_reg[1]/C
                               i_ps/system_i/system_i/xadc/inst/INTR_CTRLR_GEN_I.ip2bus_data_int_reg[18]/CE
                                                              -0.392        
i_ps/system_i/system_i/axi_protocol_converter_0/inst/gen_axilite.gen_b2s_conv.axilite_b2s/WR.b_channel_0/bresp_fifo_0/cnt_read_reg[1]/C
                               i_ps/system_i/system_i/xadc/inst/INTR_CTRLR_GEN_I.ip2bus_data_int_reg[23]/CE
                                                              -0.392        
i_ps/system_i/system_i/axi_protocol_converter_0/inst/gen_axilite.gen_b2s_conv.axilite_b2s/WR.b_channel_0/bresp_fifo_0/cnt_read_reg[1]/C
                               i_ps/system_i/system_i/xadc/inst/INTR_CTRLR_GEN_I.ip2bus_data_int_reg[26]/CE
                                                              -0.392        
i_ps/system_i/system_i/axi_protocol_converter_0/inst/gen_axilite.gen_b2s_conv.axilite_b2s/WR.aw_channel_0/cmd_translator_0/incr_cmd_0/sel_first_reg/C
                               i_ps/system_i/system_i/xadc/inst/AXI_LITE_IPIF_I/I_SLAVE_ATTACHMENT/I_DECODER/GEN_BKEND_CE_REGISTERS[3].ce_out_i_reg[3]/D
                                                              -0.384        
i_ps/system_i/system_i/processing_system7/inst/PS7_i/MAXIGP1ACLK
                               i_ps/system_i/system_i/xadc/inst/INTR_CTRLR_GEN_I.ip2bus_error_reg/D
                                                              -0.375        
i_ps/system_i/system_i/processing_system7/inst/PS7_i/MAXIGP1ACLK
                               i_ps/system_i/system_i/xadc/inst/INTR_CTRLR_GEN_I.INTERRUPT_CONTROL_I/GEN_IP_IRPT_STATUS_REG[11].GEN_REG_STATUS.ip_irpt_status_reg_reg[11]/D
                                                              -0.375        
i_ps/system_i/system_i/axi_protocol_converter_0/inst/gen_axilite.gen_b2s_conv.axilite_b2s/RD.ar_channel_0/cmd_translator_0/incr_cmd_0/axaddr_incr_reg[2]/C
                               i_ps/system_i/system_i/xadc/inst/AXI_LITE_IPIF_I/I_SLAVE_ATTACHMENT/I_DECODER/GEN_BKEND_CE_REGISTERS[7].ce_out_i_reg[7]/D
                                                              -0.368        
i_ps/system_i/system_i/axi_protocol_converter_0/inst/gen_axilite.gen_b2s_conv.axilite_b2s/WR.aw_channel_0/cmd_translator_0/s_axburst_eq1_reg/C
                               i_ps/system_i/system_i/axi_protocol_converter_0/inst/gen_axilite.gen_b2s_conv.axilite_b2s/WR.aw_channel_0/s_awlen_r_reg[0]/CE
                                                              -0.367        
i_ps/system_i/system_i/axi_protocol_converter_0/inst/gen_axilite.gen_b2s_conv.axilite_b2s/WR.aw_channel_0/cmd_translator_0/s_axburst_eq1_reg/C
                               i_ps/system_i/system_i/axi_protocol_converter_0/inst/gen_axilite.gen_b2s_conv.axilite_b2s/WR.aw_channel_0/s_awlen_r_reg[1]/CE
                                                              -0.367        
i_ps/system_i/system_i/axi_protocol_converter_0/inst/gen_axilite.gen_b2s_conv.axilite_b2s/WR.aw_channel_0/cmd_translator_0/s_axburst_eq1_reg/C
                               i_ps/system_i/system_i/axi_protocol_converter_0/inst/gen_axilite.gen_b2s_conv.axilite_b2s/WR.aw_channel_0/s_awlen_r_reg[2]/CE
                                                              -0.367        
i_ps/system_i/system_i/axi_protocol_converter_0/inst/gen_axilite.gen_b2s_conv.axilite_b2s/WR.aw_channel_0/cmd_translator_0/s_axburst_eq1_reg/C
                               i_ps/system_i/system_i/axi_protocol_converter_0/inst/gen_axilite.gen_b2s_conv.axilite_b2s/WR.aw_channel_0/s_awlen_r_reg[3]/CE
                                                              -0.367        
i_ps/system_i/system_i/axi_protocol_converter_0/inst/gen_axilite.gen_b2s_conv.axilite_b2s/WR.b_channel_0/bresp_fifo_0/cnt_read_reg[1]/C
                               i_ps/system_i/system_i/xadc/inst/INTR_CTRLR_GEN_I.ip2bus_data_int_reg[19]/CE
                                                              -0.358        
i_ps/system_i/system_i/axi_protocol_converter_0/inst/gen_axilite.gen_b2s_conv.axilite_b2s/RD.ar_channel_0/cmd_translator_0/incr_cmd_0/axaddr_incr_reg[2]/C
                               i_ps/system_i/system_i/xadc/inst/AXI_LITE_IPIF_I/I_SLAVE_ATTACHMENT/I_DECODER/GEN_BKEND_CE_REGISTERS[11].ce_out_i_reg[11]/D
                                                              -0.357        
i_ps/system_i/system_i/axi_protocol_converter_0/inst/gen_axilite.gen_b2s_conv.axilite_b2s/WR.aw_channel_0/cmd_translator_0/s_axburst_eq1_reg/C
                               i_ps/system_i/system_i/axi_protocol_converter_0/inst/gen_axilite.gen_b2s_conv.axilite_b2s/WR.aw_channel_0/cmd_translator_0/incr_cmd_0/axaddr_incr_reg[4]/D
                                                              -0.354        
i_ps/system_i/system_i/processing_system7/inst/PS7_i/MAXIGP1ACLK
                               i_ps/system_i/system_i/xadc/inst/INTR_CTRLR_GEN_I.INTERRUPT_CONTROL_I/GEN_IP_IRPT_STATUS_REG[12].GEN_REG_STATUS.ip_irpt_status_reg_reg[12]/D
                                                              -0.354        
adc_rstn_reg/C                 i_lock/sys_ack_reg/CLR         -0.351        
i_ps/system_i/system_i/axi_protocol_converter_0/inst/gen_axilite.gen_b2s_conv.axilite_b2s/RD.r_channel_0/transaction_fifo_0/cnt_read_reg[0]_rep__0/C
                               i_ps/system_i/system_i/axi_protocol_converter_0/inst/gen_axilite.gen_b2s_conv.axilite_b2s/RD.ar_channel_0/cmd_translator_0/wrap_cmd_0/wrap_cnt_r_reg[0]/CE
                                                              -0.347        
i_ps/system_i/system_i/axi_protocol_converter_0/inst/gen_axilite.gen_b2s_conv.axilite_b2s/RD.r_channel_0/transaction_fifo_0/cnt_read_reg[0]_rep__0/C
                               i_ps/system_i/system_i/axi_protocol_converter_0/inst/gen_axilite.gen_b2s_conv.axilite_b2s/RD.ar_channel_0/cmd_translator_0/wrap_cmd_0/wrap_cnt_r_reg[1]/CE
                                                              -0.347        
i_ps/system_i/system_i/axi_protocol_converter_0/inst/gen_axilite.gen_b2s_conv.axilite_b2s/RD.r_channel_0/transaction_fifo_0/cnt_read_reg[0]_rep__0/C
                               i_ps/system_i/system_i/axi_protocol_converter_0/inst/gen_axilite.gen_b2s_conv.axilite_b2s/RD.ar_channel_0/cmd_translator_0/wrap_cmd_0/wrap_cnt_r_reg[2]/CE
                                                              -0.347        
i_ps/system_i/system_i/axi_protocol_converter_0/inst/gen_axilite.gen_b2s_conv.axilite_b2s/RD.r_channel_0/transaction_fifo_0/cnt_read_reg[0]_rep__0/C
                               i_ps/system_i/system_i/axi_protocol_converter_0/inst/gen_axilite.gen_b2s_conv.axilite_b2s/RD.ar_channel_0/cmd_translator_0/wrap_cmd_0/wrap_cnt_r_reg[3]/CE
                                                              -0.347        
i_ps/system_i/system_i/processing_system7/inst/PS7_i/MAXIGP1ACLK
                               i_ps/system_i/system_i/xadc/inst/INTR_CTRLR_GEN_I.INTERRUPT_CONTROL_I/GEN_IP_IRPT_STATUS_REG[14].GEN_REG_STATUS.ip_irpt_status_reg_reg[14]/D
                                                              -0.347        
i_ps/system_i/system_i/processing_system7/inst/PS7_i/MAXIGP1ACLK
                               i_ps/system_i/system_i/xadc/inst/INTR_CTRLR_GEN_I.INTERRUPT_CONTROL_I/GEN_IP_IRPT_STATUS_REG[2].GEN_REG_STATUS.ip_irpt_status_reg_reg[2]/D
                                                              -0.336        
i_ps/system_i/system_i/axi_protocol_converter_0/inst/gen_axilite.gen_b2s_conv.axilite_b2s/WR.aw_channel_0/cmd_translator_0/incr_cmd_0/sel_first_reg/C
                               i_ps/system_i/system_i/xadc/inst/AXI_LITE_IPIF_I/I_SLAVE_ATTACHMENT/I_DECODER/GEN_BKEND_CE_REGISTERS[0].ce_out_i_reg[0]/D
                                                              -0.329        
i_ps/system_i/system_i/axi_protocol_converter_0/inst/gen_axilite.gen_b2s_conv.axilite_b2s/RD.r_channel_0/transaction_fifo_0/cnt_read_reg[0]_rep__0/C
                               i_ps/system_i/system_i/axi_protocol_converter_0/inst/gen_axilite.gen_b2s_conv.axilite_b2s/RD.ar_channel_0/s_arid_r_reg[9]/CE
                                                              -0.327        
i_ps/system_i/system_i/axi_protocol_converter_0/inst/gen_axilite.gen_b2s_conv.axilite_b2s/RD.ar_channel_0/cmd_translator_0/incr_cmd_0/axaddr_incr_reg[2]/C
                               i_ps/system_i/system_i/xadc/inst/AXI_LITE_IPIF_I/I_SLAVE_ATTACHMENT/I_DECODER/GEN_BKEND_CE_REGISTERS[20].ce_out_i_reg[20]/D
                                                              -0.325        
i_ps/system_i/system_i/axi_protocol_converter_0/inst/gen_axilite.gen_b2s_conv.axilite_b2s/RD.ar_channel_0/cmd_translator_0/incr_cmd_0/axaddr_incr_reg[2]/C
                               i_ps/system_i/system_i/xadc/inst/AXI_LITE_IPIF_I/I_SLAVE_ATTACHMENT/I_DECODER/GEN_BKEND_CE_REGISTERS[14].ce_out_i_reg[14]/D
                                                              -0.321        
i_ps/system_i/system_i/axi_protocol_converter_0/inst/gen_axilite.gen_b2s_conv.axilite_b2s/RD.ar_channel_0/cmd_translator_0/incr_cmd_0/axaddr_incr_reg[2]/C
                               i_ps/system_i/system_i/xadc/inst/AXI_LITE_IPIF_I/I_SLAVE_ATTACHMENT/I_DECODER/GEN_BKEND_CE_REGISTERS[19].ce_out_i_reg[19]/D
                                                              -0.316        
i_ps/system_i/system_i/axi_protocol_converter_0/inst/gen_axilite.gen_b2s_conv.axilite_b2s/SI_REG/ar_pipe/m_payload_i_reg[4]/C
                               i_ps/system_i/system_i/xadc/inst/AXI_XADC_CORE_I/XADC_INST/DADDR[2]
                                                              -0.300        
i_ps/system_i/system_i/axi_protocol_converter_0/inst/gen_axilite.gen_b2s_conv.axilite_b2s/RD.r_channel_0/transaction_fifo_0/cnt_read_reg[0]_rep__0/C
                               i_ps/system_i/system_i/axi_protocol_converter_0/inst/gen_axilite.gen_b2s_conv.axilite_b2s/RD.ar_channel_0/s_arid_r_reg[0]/CE
                                                              -0.291        
i_ps/system_i/system_i/processing_system7/inst/PS7_i/MAXIGP1ACLK
                               i_ps/system_i/system_i/xadc/inst/INTR_CTRLR_GEN_I.INTERRUPT_CONTROL_I/GEN_IP_IRPT_STATUS_REG[7].GEN_REG_STATUS.ip_irpt_status_reg_reg[7]/D
                                                              -0.284        
i_ps/system_i/system_i/axi_protocol_converter_0/inst/gen_axilite.gen_b2s_conv.axilite_b2s/WR.b_channel_0/bid_fifo_0/cnt_read_reg[0]_rep__0/C
                               i_ps/system_i/system_i/axi_protocol_converter_0/inst/gen_axilite.gen_b2s_conv.axilite_b2s/WR.b_channel_0/bresp_cnt_reg[1]/R
                                                              -0.277        
i_ps/system_i/system_i/axi_protocol_converter_0/inst/gen_axilite.gen_b2s_conv.axilite_b2s/WR.b_channel_0/bid_fifo_0/cnt_read_reg[0]_rep__0/C
                               i_ps/system_i/system_i/axi_protocol_converter_0/inst/gen_axilite.gen_b2s_conv.axilite_b2s/WR.b_channel_0/bresp_cnt_reg[2]/R
                                                              -0.277        
i_ps/system_i/system_i/processing_system7/inst/PS7_i/MAXIGP1ACLK
                               i_ps/system_i/system_i/xadc/inst/INTR_CTRLR_GEN_I.INTERRUPT_CONTROL_I/GEN_IP_IRPT_STATUS_REG[0].GEN_REG_STATUS.ip_irpt_status_reg_reg[0]/D
                                                              -0.273        
dac_rst_reg/C                  oddr_dac_dat[10]/R             0.107         
pwm_rstn_reg/C                 pwm[0]/pwm_o_reg/R             0.129         
dac_dat_a_reg[2]/C             oddr_dac_dat[2]/D2             0.168         
pwm_rstn_reg/C                 pwm[2]/pwm_o_reg/R             0.188         
pwm[2]/bcnt_reg[0]/C           pwm[2]/v_reg[3]/CE             0.206         
pwm[2]/bcnt_reg[0]/C           pwm[2]/v_reg[4]/CE             0.206         
pwm[3]/bcnt_reg[3]/C           pwm[3]/v_reg[0]/CE             0.230         
pwm[3]/bcnt_reg[3]/C           pwm[3]/v_reg[1]/CE             0.230         
pwm[3]/bcnt_reg[3]/C           pwm[3]/v_reg[2]/CE             0.230         
pwm[3]/bcnt_reg[3]/C           pwm[3]/v_reg[6]/CE             0.230         
pwm[2]/bcnt_reg[0]/C           pwm[2]/v_reg[0]/CE             0.235         
pwm[2]/bcnt_reg[0]/C           pwm[2]/v_reg[1]/CE             0.235         
pwm[2]/bcnt_reg[0]/C           pwm[2]/v_reg[2]/CE             0.235         
pwm[2]/bcnt_reg[0]/C           pwm[2]/v_reg[7]/CE             0.235         
pwm[3]/vcnt_reg[2]/C           pwm[3]/bcnt_reg[2]/CE          0.244         
pwm[3]/vcnt_reg[2]/C           pwm[3]/bcnt_reg[3]/CE          0.244         
dac_rst_reg/C                  oddr_dac_dat[11]/R             0.245         
dac_dat_a_reg[13]/C            oddr_dac_dat[13]/D2            0.263         
pwm[3]/vcnt_reg[7]/C           pwm[3]/v_reg[3]/CE             0.283         
pwm[3]/vcnt_reg[7]/C           pwm[3]/v_reg[4]/CE             0.283         
pwm[3]/vcnt_reg[7]/C           pwm[3]/v_reg[5]/CE             0.283         
pwm[3]/vcnt_reg[7]/C           pwm[3]/v_reg[7]/CE             0.283         
pwm[2]/vcnt_reg[7]/C           pwm[2]/b_reg[11]/CE            0.312         
pwm[2]/vcnt_reg[7]/C           pwm[2]/b_reg[12]/CE            0.312         
pwm[2]/vcnt_reg[7]/C           pwm[2]/b_reg[13]/CE            0.312         
pwm[2]/vcnt_reg[7]/C           pwm[2]/b_reg[14]/CE            0.312         
pwm[2]/vcnt_reg[7]/C           pwm[2]/b_reg[15]/CE            0.312         
pwm_rstn_reg/C                 pwm[1]/pwm_o_reg/R             0.317         
pwm[3]/vcnt_reg[7]/C           pwm[3]/b_reg[15]/CE            0.377         
pwm[3]/vcnt_reg[7]/C           pwm[3]/b_reg[6]/CE             0.377         
pwm[3]/vcnt_reg[7]/C           pwm[3]/b_reg[7]/CE             0.377         
pwm[3]/vcnt_reg[7]/C           pwm[3]/b_reg[8]/CE             0.377         
pwm[2]/bcnt_reg[0]/C           pwm[2]/v_reg[5]/CE             0.396         
pwm[2]/bcnt_reg[0]/C           pwm[2]/v_reg[6]/CE             0.396         
pwm[3]/vcnt_reg[7]/C           pwm[3]/b_reg[10]/CE            0.400         
pwm[3]/vcnt_reg[7]/C           pwm[3]/b_reg[11]/CE            0.400         
pwm[3]/vcnt_reg[7]/C           pwm[3]/b_reg[12]/CE            0.400         
pwm[3]/vcnt_reg[7]/C           pwm[3]/b_reg[9]/CE             0.400         
pwm[2]/vcnt_reg[7]/C           pwm[2]/b_reg[10]/CE            0.511         
pwm[2]/vcnt_reg[7]/C           pwm[2]/b_reg[8]/CE             0.511         
pwm[2]/vcnt_reg[7]/C           pwm[2]/b_reg[9]/CE             0.511         
pwm[3]/vcnt_reg[7]/C           pwm[3]/b_reg[0]/CE             0.523         
pwm[3]/vcnt_reg[7]/C           pwm[3]/b_reg[13]/CE            0.523         
pwm[3]/vcnt_reg[7]/C           pwm[3]/b_reg[14]/CE            0.523         
pwm[3]/vcnt_reg[7]/C           pwm[3]/b_reg[5]/CE             0.523         
pwm[3]/vcnt_reg[7]/C           pwm[3]/b_reg[1]/CE             0.531         
pwm[3]/vcnt_reg[7]/C           pwm[3]/b_reg[2]/CE             0.531         
pwm[3]/vcnt_reg[7]/C           pwm[3]/b_reg[3]/CE             0.531         
pwm[3]/vcnt_reg[7]/C           pwm[3]/b_reg[4]/CE             0.531         
dac_rst_reg/C                  oddr_dac_dat[6]/R              0.541         
pwm_rstn_reg/C                 pwm[1]/vcnt_reg[0]/R           0.586         
pwm_rstn_reg/C                 pwm[1]/vcnt_reg[1]/R           0.586         
dac_rst_reg/C                  oddr_dac_dat[7]/R              0.689         
dac_rst_reg/C                  oddr_dac_dat[9]/R              0.691         
pwm[2]/vcnt_reg[7]/C           pwm[2]/b_reg[0]/CE             0.751         
pwm[2]/vcnt_reg[7]/C           pwm[2]/b_reg[5]/CE             0.751         
pwm[2]/vcnt_reg[7]/C           pwm[2]/b_reg[6]/CE             0.751         
pwm[2]/vcnt_reg[7]/C           pwm[2]/b_reg[7]/CE             0.751         
pwm[3]/b_reg[0]/C              pwm[3]/v_r_reg[7]/D            0.766         
pwm_rstn_reg/C                 pwm[1]/vcnt_reg[4]/R           0.796         
pwm_rstn_reg/C                 pwm[1]/vcnt_reg[5]/R           0.796         
adc_rstn_reg/C                 i_lock/i_debounce_out_of_lock/q_reg_reg[5]/CLR
                                                              0.802         
i_lock/pwm_cfg_c_reg[15]/C     pwm[2]/b_reg[15]/D             0.803         
pwm_rstn_reg/C                 pwm[3]/bcnt_reg[2]/R           0.838         
pwm_rstn_reg/C                 pwm[3]/bcnt_reg[3]/R           0.838         
dac_rst_reg/C                  oddr_dac_dat[8]/R              0.838         
adc_rstn_reg/C                 i_lock/i_debounce_out_of_lock/q_reg_reg[1]/CLR
                                                              0.846         
pwm_rstn_reg/C                 pwm[0]/vcnt_reg[2]/R           0.851         
pwm_rstn_reg/C                 pwm[0]/vcnt_reg[3]/R           0.851         
pwm_rstn_reg/C                 pwm[0]/vcnt_reg[6]/R           0.851         
pwm_rstn_reg/C                 pwm[0]/vcnt_reg[7]/R           0.851         
pwm_rstn_reg/C                 pwm[3]/pwm_o_reg/R             0.859         
pwm_rstn_reg/C                 pwm[1]/vcnt_reg[6]/R           0.863         
pwm_rstn_reg/C                 pwm[1]/vcnt_reg[7]/R           0.863         
pwm[3]/vcnt_reg[2]/C           pwm[3]/vcnt_reg[6]/D           0.866         
adc_rstn_reg/C                 i_lock/i_debounce_out_of_lock/q_reg_reg[0]/CLR
                                                              0.888         
adc_rstn_reg/C                 i_lock/i_debounce_out_of_lock/q_reg_reg[3]/CLR
                                                              0.888         
pwm[3]/vcnt_reg[2]/C           pwm[3]/bcnt_reg[0]/CE          0.895         
pwm[3]/vcnt_reg[2]/C           pwm[3]/bcnt_reg[1]/CE          0.895         
pwm[2]/vcnt_reg[2]/C           pwm[2]/bcnt_reg[0]/CE          0.929         
pwm[2]/vcnt_reg[2]/C           pwm[2]/bcnt_reg[1]/CE          0.929         
pwm[2]/vcnt_reg[2]/C           pwm[2]/bcnt_reg[2]/CE          0.929         
pwm[2]/vcnt_reg[2]/C           pwm[2]/bcnt_reg[3]/CE          0.929         
pwm[2]/vcnt_reg[7]/C           pwm[2]/b_reg[1]/CE             0.940         
pwm[2]/vcnt_reg[7]/C           pwm[2]/b_reg[2]/CE             0.940         
pwm[2]/vcnt_reg[7]/C           pwm[2]/b_reg[3]/CE             0.940         
pwm[2]/vcnt_reg[7]/C           pwm[2]/b_reg[4]/CE             0.940         
adc_rstn_reg/C                 i_lock/i_debounce_out_of_lock/state_reg_reg[0]/CLR
                                                              0.949         
adc_rstn_reg/C                 i_lock/i_debounce_out_of_lock/state_reg_reg[1]/CLR
                                                              0.949         
pwm_rstn_reg/C                 pwm[0]/vcnt_reg[0]/R           0.951         
pwm_rstn_reg/C                 pwm[0]/vcnt_reg[1]/R           0.951         
pwm_rstn_reg/C                 pwm[0]/vcnt_reg[5]/R           0.951         
pwm_rstn_reg/C                 pwm[1]/vcnt_r_reg[4]/CE        0.962         
i_lock/pwm_cfg_c_reg[10]/C     pwm[2]/b_reg[10]/D             0.964         
dac_rst_reg/C                  oddr_dac_dat[13]/R             0.991         
pwm[3]/bcnt_reg[0]/C           pwm[3]/b_reg[5]/D              0.998         
i_lock/pwm_cfg_c_reg[8]/C      pwm[2]/b_reg[8]/D              1.016         
pwm_rstn_reg/C                 pwm[1]/vcnt_reg[2]/R           1.019         
pwm_rstn_reg/C                 pwm[1]/vcnt_reg[3]/R           1.019         
pwm[3]/vcnt_reg[7]/C           pwm[3]/vcnt_reg[4]/D           1.023         
i_lock/pwm_cfg_d_reg[17]/C     pwm[3]/v_reg[1]/D              1.026         
adc_rstn_reg/C                 i_lock/i_debounce_out_of_lock/q_reg_reg[2]/CLR
                                                              1.035         
adc_rstn_reg/C                 i_lock/i_debounce_out_of_lock/q_reg_reg[6]/CLR
                                                              1.035         
dac_rst_reg/C                  oddr_dac_dat[1]/R              1.039         
dac_rst_reg/C                  oddr_dac_dat[2]/R              1.067         
pwm[3]/b_reg[0]/C              pwm[3]/v_r_reg[5]/D            1.071         
dac_rst_reg/C                  oddr_dac_dat[12]/R             1.079         
pwm[3]/bcnt_reg[0]/C           pwm[3]/b_reg[1]/D              1.091         
pwm[3]/bcnt_reg[0]/C           pwm[3]/b_reg[2]/D              1.091         
pwm_rstn_reg/C                 pwm[0]/vcnt_r_reg[0]/CE        1.106         
pwm_rstn_reg/C                 pwm[1]/vcnt_r_reg[5]/CE        1.106         
pwm_rstn_reg/C                 pwm[1]/vcnt_r_reg[6]/CE        1.106         
pwm_rstn_reg/C                 pwm[1]/vcnt_r_reg[7]/CE        1.106         
dac_dat_a_reg[1]/C             oddr_dac_dat[1]/D2             1.108         
i_lock/pwm_cfg_d_reg[16]/C     pwm[3]/v_reg[0]/D              1.108         
i_lock/pwm_cfg_d_reg[14]/C     pwm[3]/b_reg[14]/D             1.111         
adc_rstn_reg/C                 i_lock/i_debounce_out_of_lock/q_reg_reg[4]/CLR
                                                              1.114         
pwm[3]/b_reg[0]/C              pwm[3]/v_r_reg[6]/D            1.120         
dac_rst_reg/C                  oddr_dac_dat[3]/R              1.129         
dac_rst_reg/C                  oddr_dac_dat[4]/R              1.158         
dac_rst_reg/C                  oddr_dac_dat[0]/R              1.182         
dac_rst_reg/C                  oddr_dac_dat[5]/R              1.230         
dac_rst_reg/C                  oddr_dac_sel/R                 1.232         
dac_dat_a_reg[4]/C             oddr_dac_dat[4]/D2             1.284         
dac_dat_a_reg[0]/C             oddr_dac_dat[0]/D2             1.301         
dac_dat_a_reg[12]/C            oddr_dac_dat[12]/D2            1.530         
dac_dat_a_reg[10]/C            oddr_dac_dat[10]/D2            1.720         
dac_rst_reg/C                  oddr_dac_rst/D2                1.773         
dac_dat_a_reg[3]/C             oddr_dac_dat[3]/D2             1.787         
dac_dat_a_reg[11]/C            oddr_dac_dat[11]/D2            1.794         
dac_dat_a_reg[6]/C             oddr_dac_dat[6]/D2             1.940         
dac_dat_a_reg[7]/C             oddr_dac_dat[7]/D2             2.001         
dac_dat_a_reg[9]/C             oddr_dac_dat[9]/D2             2.029         
dac_dat_a_reg[8]/C             oddr_dac_dat[8]/D2             2.031         
dac_dat_a_reg[5]/C             oddr_dac_dat[5]/D2             2.048         
dac_rst_reg/C                  oddr_dac_rst/D1                4.941         
dac_dat_b_reg[0]/C             oddr_dac_dat[0]/D1             5.439         
dac_dat_b_reg[13]/C            oddr_dac_dat[13]/D1            5.483         
dac_dat_b_reg[12]/C            oddr_dac_dat[12]/D1            5.483         
dac_dat_b_reg[6]/C             oddr_dac_dat[6]/D1             5.524         
dac_dat_b_reg[10]/C            oddr_dac_dat[10]/D1            5.708         
dac_dat_b_reg[2]/C             oddr_dac_dat[2]/D1             5.733         
dac_dat_b_reg[11]/C            oddr_dac_dat[11]/D1            5.736         
dac_dat_b_reg[1]/C             oddr_dac_dat[1]/D1             5.824         
dac_dat_b_reg[8]/C             oddr_dac_dat[8]/D1             5.840         
dac_dat_b_reg[4]/C             oddr_dac_dat[4]/D1             5.840         
dac_dat_b_reg[5]/C             oddr_dac_dat[5]/D1             5.848         
dac_dat_b_reg[7]/C             oddr_dac_dat[7]/D1             5.853         
dac_dat_b_reg[3]/C             oddr_dac_dat[3]/D1             5.859         
dac_dat_b_reg[9]/C             oddr_dac_dat[9]/D1             6.057         



