Copyright 1986-2015 Xilinx, Inc. All Rights Reserved.
----------------------------------------------------------------------------------------------------------------
| Tool Version : Vivado v.2015.2 (lin64) Build 1266856 Fri Jun 26 16:35:25 MDT 2015
| Date         : Wed Jun 15 01:55:13 2022
| Host         : jiu-730QCJ-730QCR running 64-bit Ubuntu 20.04.4 LTS
| Command      : report_timing -file out/post_route_timing.rpt -sort_by group -max_paths 100 -path_type summary
| Design       : red_pitaya_top
| Device       : 7z010-clg400
| Speed File   : -1  PRODUCTION 1.11 2014-09-11
----------------------------------------------------------------------------------------------------------------

Timing Report

Startpoint                     Endpoint                       Slack(ns)     
----------------------------------------------------------------------------
adc_dat_a_reg[1]/C             i_lock/i_lock_pid_block_B/kp_mult/A[20]
                                                              -14.667       
adc_dat_a_reg[1]/C             i_lock/i_lock_pid_block_B/kp_mult/A[21]
                                                              -14.667       
adc_dat_a_reg[1]/C             i_lock/i_lock_pid_block_B/kp_mult/A[22]
                                                              -14.667       
adc_dat_a_reg[1]/C             i_lock/i_lock_pid_block_B/kp_mult/A[16]
                                                              -14.663       
adc_dat_a_reg[1]/C             i_lock/i_lock_pid_block_B/kp_mult/A[17]
                                                              -14.663       
adc_dat_a_reg[1]/C             i_lock/i_lock_pid_block_B/kp_mult/A[18]
                                                              -14.662       
adc_dat_a_reg[1]/C             i_lock/i_lock_pid_block_B/kp_mult/A[19]
                                                              -14.662       
adc_dat_a_reg[1]/C             i_lock/i_lock_pid_block_B/kp_mult/A[14]
                                                              -14.573       
adc_dat_a_reg[1]/C             i_lock/i_lock_pid_block_B/kp_mult/A[15]
                                                              -14.573       
adc_dat_a_reg[1]/C             i_lock/i_lock_pid_block_B/kp_mult/A[26]
                                                              -14.568       
adc_dat_a_reg[1]/C             i_lock/i_lock_pid_block_B/kp_mult/A[27]
                                                              -14.568       
adc_dat_a_reg[1]/C             i_lock/i_lock_pid_block_B/kp_mult/A[25]
                                                              -14.557       
adc_dat_a_reg[1]/C             i_lock/i_lock_pid_block_B/kp_mult/A[23]
                                                              -14.494       
adc_dat_a_reg[1]/C             i_lock/i_lock_pid_block_B/kp_mult/A[28]
                                                              -14.490       
adc_dat_a_reg[1]/C             i_lock/i_lock_pid_block_B/kp_mult/A[29]
                                                              -14.489       
adc_dat_a_reg[1]/C             i_lock/i_lock_pid_block_B/psdsp_6/D
                                                              -14.386       
adc_dat_a_reg[1]/C             i_lock/i_lock_pid_block_B/psdsp_14/D
                                                              -14.374       
adc_dat_a_reg[1]/C             i_lock/i_lock_pid_block_B/kp_mult/A[24]
                                                              -14.367       
adc_dat_a_reg[1]/C             i_lock/i_lock_pid_block_B/psdsp_15/D
                                                              -14.359       
adc_dat_a_reg[1]/C             i_lock/i_lock_pid_block_B/kp_mult/A[13]
                                                              -14.350       
adc_dat_a_reg[1]/C             i_lock/i_lock_pid_block_B/psdsp_8/D
                                                              -14.317       
adc_dat_a_reg[1]/C             i_lock/i_lock_pid_block_B/psdsp_7/D
                                                              -14.306       
adc_dat_a_reg[1]/C             i_lock/i_lock_pid_block_B/kp_mult/A[12]
                                                              -14.299       
adc_dat_a_reg[1]/C             i_lock/i_lock_pid_block_B/psdsp_12/D
                                                              -14.262       
adc_dat_a_reg[1]/C             i_lock/i_lock_pid_block_B/psdsp_3/D
                                                              -14.254       
adc_dat_a_reg[1]/C             i_lock/i_lock_pid_block_B/psdsp_5/D
                                                              -14.253       
adc_dat_a_reg[1]/C             i_lock/i_lock_pid_block_B/psdsp_13/D
                                                              -14.241       
adc_dat_a_reg[1]/C             i_lock/i_lock_pid_block_B/kp_mult/A[9]
                                                              -14.234       
adc_dat_a_reg[1]/C             i_lock/i_lock_pid_block_B/psdsp_4/D
                                                              -14.228       
adc_dat_a_reg[1]/C             i_lock/i_lock_pid_block_B/kp_mult/A[11]
                                                              -14.216       
adc_dat_a_reg[1]/C             i_lock/i_lock_pid_block_B/kp_mult/A[10]
                                                              -14.149       
adc_dat_a_reg[1]/C             i_lock/i_lock_pid_block_B/psdsp_9/D
                                                              -14.144       
adc_dat_a_reg[1]/C             i_lock/i_lock_pid_block_B/kp_mult/A[8]
                                                              -14.117       
adc_dat_a_reg[1]/C             i_lock/i_lock_pid_block_A/psdsp_37/D
                                                              -14.112       
adc_dat_a_reg[1]/C             i_lock/i_lock_pid_block_A/psdsp_39/D
                                                              -14.110       
adc_dat_a_reg[1]/C             i_lock/i_lock_pid_block_A/psdsp_6/D
                                                              -14.107       
adc_dat_a_reg[1]/C             i_lock/i_lock_pid_block_A/psdsp_34/D
                                                              -14.103       
adc_dat_a_reg[1]/C             i_lock/i_lock_pid_block_A/psdsp_36/D
                                                              -14.101       
adc_dat_a_reg[1]/C             i_lock/i_lock_pid_block_B/psdsp_2/D
                                                              -14.100       
adc_dat_a_reg[1]/C             i_lock/i_lock_pid_block_A/psdsp_33/D
                                                              -14.099       
adc_dat_a_reg[1]/C             i_lock/i_lock_pid_block_A/psdsp_11/D
                                                              -14.095       
adc_dat_a_reg[1]/C             i_lock/i_lock_pid_block_A/psdsp_35/D
                                                              -14.090       
adc_dat_a_reg[1]/C             i_lock/i_lock_pid_block_A/psdsp_45/D
                                                              -14.089       
adc_dat_a_reg[1]/C             i_lock/i_lock_pid_block_B/psdsp_11/D
                                                              -14.088       
adc_dat_a_reg[1]/C             i_lock/i_lock_pid_block_A/psdsp_38/D
                                                              -14.088       
adc_dat_a_reg[1]/C             i_lock/i_lock_pid_block_A/psdsp_44/D
                                                              -14.077       
adc_dat_a_reg[1]/C             i_lock/i_lock_pid_block_A/psdsp_43/D
                                                              -14.076       
adc_dat_a_reg[1]/C             i_lock/i_lock_pid_block_A/psdsp_41/D
                                                              -14.071       
adc_dat_a_reg[1]/C             i_lock/i_lock_pid_block_A/psdsp_42/D
                                                              -14.071       
adc_dat_a_reg[1]/C             i_lock/i_lock_pid_block_A/psdsp_32/D
                                                              -14.066       
adc_dat_a_reg[1]/C             i_lock/i_lock_pid_block_B/psdsp_16/D
                                                              -14.065       
adc_dat_a_reg[1]/C             i_lock/i_lock_pid_block_A/psdsp_40/D
                                                              -14.063       
adc_dat_a_reg[1]/C             i_lock/i_lock_pid_block_A/psdsp_31/D
                                                              -14.054       
adc_dat_a_reg[1]/C             i_lock/i_lock_pid_block_B/psdsp_1/D
                                                              -14.051       
adc_dat_a_reg[1]/C             i_lock/i_lock_pid_block_B/psdsp_10/D
                                                              -14.041       
adc_dat_a_reg[1]/C             i_lock/i_lock_pid_block_B/psdsp/D
                                                              -14.024       
adc_dat_a_reg[1]/C             i_lock/i_lock_pid_block_A/psdsp_30/D
                                                              -13.995       
adc_dat_a_reg[1]/C             i_lock/i_lock_pid_block_A/psdsp_9/D
                                                              -13.989       
adc_dat_a_reg[1]/C             i_lock/i_lock_pid_block_B/kp_mult/A[7]
                                                              -13.978       
adc_dat_a_reg[1]/C             i_lock/i_lock_pid_block_A/psdsp_13/D
                                                              -13.977       
adc_dat_a_reg[1]/C             i_lock/i_lock_pid_block_A/psdsp_14/D
                                                              -13.960       
adc_dat_a_reg[1]/C             i_lock/i_lock_pid_block_A/psdsp_4/D
                                                              -13.955       
adc_dat_a_reg[1]/C             i_lock/i_lock_pid_block_B/kp_mult/A[6]
                                                              -13.940       
adc_dat_a_reg[1]/C             i_lock/i_lock_pid_block_A/psdsp_3/D
                                                              -13.938       
adc_dat_a_reg[1]/C             i_lock/i_lock_pid_block_A/psdsp_12/D
                                                              -13.936       
adc_dat_a_reg[1]/C             i_lock/i_lock_pid_block_A/psdsp_2/D
                                                              -13.935       
adc_dat_a_reg[1]/C             i_lock/i_lock_pid_block_A/psdsp_15/D
                                                              -13.931       
adc_dat_a_reg[1]/C             i_lock/i_lock_pid_block_A/psdsp_8/D
                                                              -13.929       
adc_dat_a_reg[1]/C             i_lock/i_lock_pid_block_B/psdsp_18/D
                                                              -13.918       
adc_dat_a_reg[1]/C             i_lock/i_lock_pid_block_A/psdsp_10/D
                                                              -13.915       
adc_dat_a_reg[1]/C             i_lock/i_lock_pid_block_A/psdsp_5/D
                                                              -13.906       
adc_dat_a_reg[1]/C             i_lock/i_lock_pid_block_A/psdsp_1/D
                                                              -13.901       
adc_dat_a_reg[1]/C             i_lock/i_lock_pid_block_A/psdsp_46/D
                                                              -13.848       
adc_dat_a_reg[1]/C             i_lock/i_lock_pid_block_B/kp_mult/A[5]
                                                              -13.823       
adc_dat_a_reg[1]/C             i_lock/i_lock_pid_block_B/psdsp_20/D
                                                              -13.811       
adc_dat_a_reg[1]/C             i_lock/i_lock_pid_block_B/psdsp_17/D
                                                              -13.808       
adc_dat_a_reg[1]/C             i_lock/i_lock_pid_block_A/psdsp/D
                                                              -13.791       
adc_dat_a_reg[1]/C             i_lock/i_lock_pid_block_A/psdsp_50/D
                                                              -13.729       
adc_dat_a_reg[1]/C             i_lock/i_lock_pid_block_A/psdsp_48/D
                                                              -13.713       
adc_dat_a_reg[1]/C             i_lock/i_lock_pid_block_B/kp_mult/A[4]
                                                              -13.708       
adc_dat_a_reg[1]/C             i_lock/i_lock_pid_block_A/psdsp_18/D
                                                              -13.691       
adc_dat_a_reg[1]/C             i_lock/i_lock_pid_block_B/psdsp_19/D
                                                              -13.680       
adc_dat_a_reg[1]/C             i_lock/i_lock_pid_block_B/psdsp_21/D
                                                              -13.643       
adc_dat_a_reg[1]/C             i_lock/i_lock_pid_block_A/psdsp_49/D
                                                              -13.631       
adc_dat_a_reg[1]/C             i_lock/i_lock_pid_block_A/psdsp_19/D
                                                              -13.608       
adc_dat_a_reg[1]/C             i_lock/i_lock_pid_block_A/psdsp_47/D
                                                              -13.591       
adc_dat_a_reg[1]/C             i_lock/i_lock_pid_block_A/psdsp_20/D
                                                              -13.589       
adc_dat_a_reg[1]/C             i_lock/i_lock_pid_block_A/psdsp_21/D
                                                              -13.588       
adc_dat_a_reg[1]/C             i_lock/i_lock_pid_block_B/kp_mult/A[3]
                                                              -13.584       
adc_dat_a_reg[1]/C             i_lock/i_lock_pid_block_A/psdsp_51/D
                                                              -13.573       
adc_dat_a_reg[1]/C             i_lock/i_lock_pid_block_B/kp_mult/A[2]
                                                              -13.531       
adc_dat_a_reg[1]/C             i_lock/i_lock_pid_block_A/psdsp_52/D
                                                              -13.495       
adc_dat_a_reg[1]/C             i_lock/i_lock_pid_block_B/psdsp_23/D
                                                              -13.457       
adc_dat_a_reg[1]/C             i_lock/i_lock_pid_block_A/psdsp_53/D
                                                              -13.417       
adc_dat_a_reg[1]/C             i_lock/i_lock_pid_block_A/psdsp_23/D
                                                              -13.401       
adc_dat_a_reg[1]/C             i_lock/sys_rdata_reg[2]/D      -13.385       
adc_dat_a_reg[1]/C             i_lock/i_lock_pid_block_A/psdsp_22/D
                                                              -13.385       
adc_dat_a_reg[1]/C             i_lock/i_lock_pid_block_A/psdsp_54/D
                                                              -13.376       
adc_dat_a_reg[1]/C             i_lock/i_lock_pid_block_B/psdsp_25/D
                                                              -13.234       
adc_dat_a_reg[1]/C             i_lock/i_lock_pid_block_A/psdsp_55/D
                                                              -13.223       
i_lock/i_lock_pid_block_B/kp_reg_reg[2]/C
                               dac_dat_a_reg[5]/D             -9.789        
i_lock/i_lock_pid_block_B/kp_reg_reg[2]/C
                               dac_dat_b_reg[3]/D             -9.715        
i_lock/i_lock_pid_block_A/kp_reg_reg[2]/C
                               dac_dat_b_reg[4]/D             -9.648        
i_lock/i_lock_pid_block_A/kp_reg_reg[2]/C
                               dac_dat_b_reg[5]/D             -9.624        
i_lock/i_lock_pid_block_A/kp_reg_reg[2]/C
                               dac_dat_b_reg[11]/D            -9.556        
i_lock/i_lock_pid_block_A/kp_reg_reg[2]/C
                               dac_dat_a_reg[10]/D            -9.541        
i_lock/i_lock_pid_block_A/kp_reg_reg[2]/C
                               dac_dat_a_reg[7]/D             -9.534        
i_lock/i_lock_pid_block_A/kp_reg_reg[2]/C
                               dac_dat_b_reg[9]/D             -9.498        
i_lock/i_lock_pid_block_A/kp_reg_reg[2]/C
                               dac_dat_a_reg[12]/D            -9.463        
i_lock/i_lock_pid_block_A/kp_reg_reg[2]/C
                               dac_dat_a_reg[9]/D             -9.459        
i_lock/i_lock_pid_block_B/kp_reg_reg[2]/C
                               dac_dat_b_reg[1]/D             -9.441        
i_lock/i_lock_pid_block_A/kp_reg_reg[2]/C
                               dac_dat_b_reg[10]/D            -9.394        
i_lock/i_lock_pid_block_A/kp_reg_reg[2]/C
                               dac_dat_b_reg[7]/D             -9.288        
i_lock/i_lock_pid_block_A/kp_reg_reg[2]/C
                               dac_dat_a_reg[11]/D            -9.259        
i_lock/i_lock_pid_block_A/kp_reg_reg[2]/C
                               dac_dat_b_reg[2]/D             -9.233        
i_lock/i_lock_pid_block_A/kp_reg_reg[2]/C
                               dac_dat_b_reg[12]/D            -9.232        
i_lock/i_lock_pid_block_A/kp_reg_reg[2]/C
                               dac_dat_a_reg[6]/D             -9.213        
i_lock/i_lock_pid_block_A/kp_reg_reg[2]/C
                               dac_dat_a_reg[3]/D             -9.137        
i_lock/i_lock_pid_block_A/kp_reg_reg[2]/C
                               dac_dat_a_reg[8]/D             -9.119        
i_lock/i_lock_pid_block_A/kp_reg_reg[2]/C
                               dac_dat_b_reg[8]/D             -9.117        
i_lock/i_lock_pid_block_B/kp_reg_reg[2]/C
                               dac_dat_b_reg[0]/D             -9.094        
i_lock/i_lock_pid_block_A/kp_reg_reg[2]/C
                               dac_dat_b_reg[6]/D             -9.068        
i_lock/i_lock_pid_block_A/kp_reg_reg[2]/C
                               dac_dat_a_reg[1]/D             -8.537        
i_lock/i_lock_pid_block_A/kp_reg_reg[2]/C
                               dac_dat_a_reg[4]/D             -8.392        
i_lock/i_lock_pid_block_A/kp_reg_reg[2]/C
                               dac_dat_a_reg[0]/D             -8.388        
i_lock/i_lock_pid_block_A/kp_reg_reg[2]/C
                               dac_dat_a_reg[2]/D             -8.056        
i_lock/i_lock_pid_block_A/kp_reg_reg[2]/C
                               dac_dat_b_reg[13]/D            -6.893        
i_lock/i_lock_pid_block_A/kp_reg_reg[2]/C
                               dac_dat_a_reg[13]/D            -6.570        
adc_rstn_reg/C                 i_lock/sys_ack_reg/CLR         -4.977        
adc_rstn_reg/C                 i_lock/i_lock_ctrl/cnt_reg[11]/CLR
                                                              -4.950        
adc_rstn_reg/C                 i_lock/i_lock_ctrl/cnt_reg[12]/CLR
                                                              -4.950        
adc_rstn_reg/C                 i_lock/i_lock_ctrl/cnt_reg[13]/CLR
                                                              -4.950        
adc_rstn_reg/C                 i_lock/i_lock_ctrl/cnt_reg[14]/CLR
                                                              -4.950        
adc_rstn_reg/C                 i_lock/i_lock_ctrl/cnt_reg[15]/CLR
                                                              -4.950        
adc_rstn_reg/C                 i_lock/i_debounce_out_of_lock/q_reg_reg[1]/CLR
                                                              -4.775        
adc_rstn_reg/C                 i_lock/i_debounce_out_of_lock/q_reg_reg[0]/CLR
                                                              -4.733        
adc_rstn_reg/C                 i_lock/i_debounce_out_of_lock/q_reg_reg[2]/CLR
                                                              -4.733        
adc_rstn_reg/C                 i_lock/i_lock_ctrl/cnt_reg[20]/CLR
                                                              -4.647        
adc_rstn_reg/C                 i_lock/i_lock_ctrl/cnt_reg[21]/CLR
                                                              -4.647        
adc_rstn_reg/C                 i_lock/i_lock_ctrl/cnt_reg[22]/CLR
                                                              -4.647        
adc_rstn_reg/C                 i_lock/i_lock_ctrl/cnt_reg[23]/CLR
                                                              -4.647        
adc_rstn_reg/C                 i_lock/i_debounce_out_of_lock/q_reg_reg[3]/CLR
                                                              -4.571        
adc_rstn_reg/C                 i_lock/i_debounce_out_of_lock/q_reg_reg[5]/CLR
                                                              -4.571        
adc_rstn_reg/C                 i_lock/i_lock_ctrl/cnt_reg[16]/CLR
                                                              -4.531        
adc_rstn_reg/C                 i_lock/i_lock_ctrl/cnt_reg[17]/CLR
                                                              -4.531        
adc_rstn_reg/C                 i_lock/i_lock_ctrl/cnt_reg[18]/CLR
                                                              -4.531        
adc_rstn_reg/C                 i_lock/i_lock_ctrl/cnt_reg[19]/CLR
                                                              -4.531        
adc_rstn_reg/C                 i_lock/i_debounce_out_of_lock/q_reg_reg[4]/CLR
                                                              -4.523        
adc_rstn_reg/C                 i_lock/i_debounce_out_of_lock/q_reg_reg[6]/CLR
                                                              -4.523        
adc_rstn_reg/C                 i_lock/i_lock_ctrl/cnt_reg[24]/CLR
                                                              -4.495        
adc_rstn_reg/C                 i_lock/i_lock_ctrl/cnt_reg[25]/CLR
                                                              -4.495        
adc_rstn_reg/C                 i_lock/i_lock_ctrl/cnt_reg[26]/CLR
                                                              -4.495        
adc_rstn_reg/C                 i_lock/i_lock_ctrl/cnt_reg[27]/CLR
                                                              -4.495        
adc_rstn_reg/C                 i_lock/i_debounce_out_of_lock/state_reg_reg[0]/CLR
                                                              -4.454        
adc_rstn_reg/C                 i_lock/i_debounce_out_of_lock/state_reg_reg[1]/CLR
                                                              -4.454        
adc_rstn_reg/C                 i_lock/i_lock_ctrl/cnt_reg[28]/CLR
                                                              -4.332        
adc_rstn_reg/C                 i_lock/i_lock_ctrl/cnt_reg[29]/CLR
                                                              -4.332        
adc_rstn_reg/C                 i_lock/i_lock_ctrl/cnt_reg[30]/CLR
                                                              -4.332        
adc_rstn_reg/C                 i_lock/i_lock_ctrl/cnt_reg[0]/CLR
                                                              -3.572        
adc_rstn_reg/C                 i_lock/i_lock_ctrl/cnt_reg[1]/CLR
                                                              -3.572        
adc_rstn_reg/C                 i_lock/i_lock_ctrl/cnt_reg[2]/CLR
                                                              -3.572        
adc_rstn_reg/C                 i_lock/i_lock_ctrl/cnt_reg[3]/CLR
                                                              -3.572        
adc_rstn_reg/C                 i_lock/i_lock_ctrl/cnt_reg[4]/CLR
                                                              -3.396        
adc_rstn_reg/C                 i_lock/i_lock_ctrl/cnt_reg[5]/CLR
                                                              -3.396        
adc_rstn_reg/C                 i_lock/i_lock_ctrl/cnt_reg[6]/CLR
                                                              -3.396        
adc_rstn_reg/C                 i_lock/i_lock_ctrl/cnt_reg[7]/CLR
                                                              -3.396        
adc_rstn_reg/C                 i_lock/i_lock_ctrl/cnt_reg[10]/CLR
                                                              -3.383        
adc_rstn_reg/C                 i_lock/i_lock_ctrl/cnt_reg[8]/CLR
                                                              -3.383        
adc_rstn_reg/C                 i_lock/i_lock_ctrl/cnt_reg[9]/CLR
                                                              -3.383        
pwm[2]/v_r_reg[1]/C            pwm[2]/pwm_o_reg/D             -2.082        
i_ps/system_i/system_i/xadc/inst/AXI_LITE_IPIF_I/I_SLAVE_ATTACHMENT/INCLUDE_DPHASE_TIMER.dpto_cnt_reg[6]/C
                               i_ps/system_i/system_i/axi_protocol_converter_0/inst/gen_axilite.gen_b2s_conv.axilite_b2s/RD.ar_channel_0/cmd_translator_0/incr_cmd_0/axaddr_incr_reg[11]/D
                                                              -1.369        
i_ps/system_i/system_i/axi_protocol_converter_0/inst/gen_axilite.gen_b2s_conv.axilite_b2s/WR.aw_channel_0/cmd_translator_0/s_axburst_eq1_reg/C
                               i_ps/system_i/system_i/axi_protocol_converter_0/inst/gen_axilite.gen_b2s_conv.axilite_b2s/WR.aw_channel_0/cmd_translator_0/incr_cmd_0/axaddr_incr_reg[11]/D
                                                              -1.132        
pwm[0]/vcnt_r_reg[3]/C         pwm[0]/pwm_o_reg/D             -0.795        
i_ps/system_i/system_i/xadc/inst/AXI_LITE_IPIF_I/I_SLAVE_ATTACHMENT/INCLUDE_DPHASE_TIMER.dpto_cnt_reg[6]/C
                               i_ps/system_i/system_i/axi_protocol_converter_0/inst/gen_axilite.gen_b2s_conv.axilite_b2s/RD.ar_channel_0/cmd_translator_0/incr_cmd_0/axaddr_incr_reg[9]/D
                                                              -0.795        
i_ps/system_i/system_i/axi_protocol_converter_0/inst/gen_axilite.gen_b2s_conv.axilite_b2s/RD.ar_channel_0/ar_cmd_fsm_0/state_reg[0]/C
                               i_ps/system_i/system_i/axi_protocol_converter_0/inst/gen_axilite.gen_b2s_conv.axilite_b2s/RD.ar_channel_0/cmd_translator_0/wrap_cmd_0/wrap_second_len_r_reg[0]/D
                                                              -0.774        
i_ps/system_i/system_i/axi_protocol_converter_0/inst/gen_axilite.gen_b2s_conv.axilite_b2s/SI_REG/aw_pipe/m_valid_i_reg/C
                               i_ps/system_i/system_i/axi_protocol_converter_0/inst/gen_axilite.gen_b2s_conv.axilite_b2s/WR.aw_channel_0/cmd_translator_0/wrap_cmd_0/wrap_second_len_r_reg[0]/D
                                                              -0.723        
pwm[3]/vcnt_r_reg[5]/C         pwm[3]/pwm_o_reg/D             -0.722        
i_ps/system_i/system_i/axi_protocol_converter_0/inst/gen_axilite.gen_b2s_conv.axilite_b2s/RD.r_channel_0/rd_data_fifo_0/cnt_read_reg[1]_rep__2_rep/C
                               i_ps/system_i/system_i/xadc/inst/INTR_CTRLR_GEN_I.ip2bus_data_int_reg[20]/CE
                                                              -0.717        
i_ps/system_i/system_i/axi_protocol_converter_0/inst/gen_axilite.gen_b2s_conv.axilite_b2s/RD.r_channel_0/rd_data_fifo_0/cnt_read_reg[1]_rep__2_rep/C
                               i_ps/system_i/system_i/xadc/inst/INTR_CTRLR_GEN_I.ip2bus_data_int_reg[27]/CE
                                                              -0.717        
i_ps/system_i/system_i/axi_protocol_converter_0/inst/gen_axilite.gen_b2s_conv.axilite_b2s/RD.r_channel_0/rd_data_fifo_0/cnt_read_reg[1]_rep__2_rep/C
                               i_ps/system_i/system_i/xadc/inst/INTR_CTRLR_GEN_I.ip2bus_data_int_reg[28]/CE
                                                              -0.717        
i_ps/system_i/system_i/axi_protocol_converter_0/inst/gen_axilite.gen_b2s_conv.axilite_b2s/RD.ar_channel_0/cmd_translator_0/incr_cmd_0/axaddr_incr_reg[6]/C
                               i_ps/system_i/system_i/xadc/inst/AXI_LITE_IPIF_I/I_SLAVE_ATTACHMENT/I_DECODER/GEN_BKEND_CE_REGISTERS[14].ce_out_i_reg[14]/D
                                                              -0.702        
i_ps/system_i/system_i/xadc/inst/AXI_LITE_IPIF_I/I_SLAVE_ATTACHMENT/INCLUDE_DPHASE_TIMER.dpto_cnt_reg[6]/C
                               i_ps/system_i/system_i/axi_protocol_converter_0/inst/gen_axilite.gen_b2s_conv.axilite_b2s/RD.ar_channel_0/cmd_translator_0/incr_cmd_0/axaddr_incr_reg[10]/D
                                                              -0.700        
pwm[1]/vcnt_r_reg[5]/C         pwm[1]/pwm_o_reg/D             -0.697        
i_ps/system_i/system_i/xadc/inst/AXI_LITE_IPIF_I/I_SLAVE_ATTACHMENT/INCLUDE_DPHASE_TIMER.dpto_cnt_reg[6]/C
                               i_ps/system_i/system_i/axi_protocol_converter_0/inst/gen_axilite.gen_b2s_conv.axilite_b2s/RD.ar_channel_0/cmd_translator_0/incr_cmd_0/axaddr_incr_reg[8]/D
                                                              -0.684        
i_ps/system_i/system_i/axi_protocol_converter_0/inst/gen_axilite.gen_b2s_conv.axilite_b2s/RD.r_channel_0/rd_data_fifo_0/cnt_read_reg[1]_rep__2_rep/C
                               i_ps/system_i/system_i/xadc/inst/INTR_CTRLR_GEN_I.ip2bus_data_int_reg[22]/CE
                                                              -0.681        
i_ps/system_i/system_i/axi_protocol_converter_0/inst/gen_axilite.gen_b2s_conv.axilite_b2s/RD.r_channel_0/rd_data_fifo_0/cnt_read_reg[1]_rep__2_rep/C
                               i_ps/system_i/system_i/xadc/inst/INTR_CTRLR_GEN_I.ip2bus_data_int_reg[24]/CE
                                                              -0.681        
i_ps/system_i/system_i/axi_protocol_converter_0/inst/gen_axilite.gen_b2s_conv.axilite_b2s/RD.r_channel_0/rd_data_fifo_0/cnt_read_reg[1]_rep__2_rep/C
                               i_ps/system_i/system_i/xadc/inst/INTR_CTRLR_GEN_I.ip2bus_data_int_reg[26]/CE
                                                              -0.681        
i_ps/system_i/system_i/axi_protocol_converter_0/inst/gen_axilite.gen_b2s_conv.axilite_b2s/RD.r_channel_0/rd_data_fifo_0/cnt_read_reg[1]_rep__2_rep/C
                               i_ps/system_i/system_i/xadc/inst/INTR_CTRLR_GEN_I.ip2bus_data_int_reg[29]/CE
                                                              -0.681        
i_ps/system_i/system_i/axi_protocol_converter_0/inst/gen_axilite.gen_b2s_conv.axilite_b2s/RD.r_channel_0/rd_data_fifo_0/cnt_read_reg[1]_rep__2_rep/C
                               i_ps/system_i/system_i/xadc/inst/INTR_CTRLR_GEN_I.ip2bus_data_int_reg[15]/CE
                                                              -0.657        
i_ps/system_i/system_i/axi_protocol_converter_0/inst/gen_axilite.gen_b2s_conv.axilite_b2s/RD.r_channel_0/rd_data_fifo_0/cnt_read_reg[1]_rep__2_rep/C
                               i_ps/system_i/system_i/xadc/inst/INTR_CTRLR_GEN_I.ip2bus_data_int_reg[16]/CE
                                                              -0.657        
i_ps/system_i/system_i/axi_protocol_converter_0/inst/gen_axilite.gen_b2s_conv.axilite_b2s/RD.r_channel_0/rd_data_fifo_0/cnt_read_reg[1]_rep__2_rep/C
                               i_ps/system_i/system_i/xadc/inst/INTR_CTRLR_GEN_I.ip2bus_data_int_reg[17]/CE
                                                              -0.657        
i_ps/system_i/system_i/axi_protocol_converter_0/inst/gen_axilite.gen_b2s_conv.axilite_b2s/RD.r_channel_0/rd_data_fifo_0/cnt_read_reg[1]_rep__2_rep/C
                               i_ps/system_i/system_i/xadc/inst/INTR_CTRLR_GEN_I.ip2bus_data_int_reg[21]/CE
                                                              -0.657        
i_ps/system_i/system_i/xadc/inst/AXI_LITE_IPIF_I/I_SLAVE_ATTACHMENT/INCLUDE_DPHASE_TIMER.dpto_cnt_reg[6]/C
                               i_ps/system_i/system_i/axi_protocol_converter_0/inst/gen_axilite.gen_b2s_conv.axilite_b2s/RD.ar_channel_0/cmd_translator_0/incr_cmd_0/axaddr_incr_reg[5]/D
                                                              -0.631        
i_ps/system_i/system_i/axi_protocol_converter_0/inst/gen_axilite.gen_b2s_conv.axilite_b2s/RD.r_channel_0/rd_data_fifo_0/cnt_read_reg[1]_rep__2_rep/C
                               i_ps/system_i/system_i/xadc/inst/INTR_CTRLR_GEN_I.ip2bus_data_int_reg[30]/CE
                                                              -0.627        
i_ps/system_i/system_i/axi_protocol_converter_0/inst/gen_axilite.gen_b2s_conv.axilite_b2s/RD.r_channel_0/rd_data_fifo_0/cnt_read_reg[1]_rep__2_rep/C
                               i_ps/system_i/system_i/xadc/inst/INTR_CTRLR_GEN_I.ip2bus_data_int_reg[14]/CE
                                                              -0.624        
i_ps/system_i/system_i/axi_protocol_converter_0/inst/gen_axilite.gen_b2s_conv.axilite_b2s/RD.r_channel_0/rd_data_fifo_0/cnt_read_reg[1]_rep__2_rep/C
                               i_ps/system_i/system_i/xadc/inst/INTR_CTRLR_GEN_I.ip2bus_data_int_reg[31]/CE
                                                              -0.624        
i_ps/system_i/system_i/xadc/inst/AXI_LITE_IPIF_I/I_SLAVE_ATTACHMENT/INCLUDE_DPHASE_TIMER.dpto_cnt_reg[6]/C
                               i_ps/system_i/system_i/axi_protocol_converter_0/inst/gen_axilite.gen_b2s_conv.axilite_b2s/RD.ar_channel_0/cmd_translator_0/incr_cmd_0/axaddr_incr_reg[7]/D
                                                              -0.610        
i_ps/system_i/system_i/axi_protocol_converter_0/inst/gen_axilite.gen_b2s_conv.axilite_b2s/RD.r_channel_0/rd_data_fifo_0/cnt_read_reg[1]_rep__2_rep/C
                               i_ps/system_i/system_i/xadc/inst/INTR_CTRLR_GEN_I.ip2bus_data_int_reg[18]/CE
                                                              -0.592        
i_ps/system_i/system_i/axi_protocol_converter_0/inst/gen_axilite.gen_b2s_conv.axilite_b2s/RD.r_channel_0/rd_data_fifo_0/cnt_read_reg[1]_rep__2_rep/C
                               i_ps/system_i/system_i/xadc/inst/INTR_CTRLR_GEN_I.ip2bus_data_int_reg[19]/CE
                                                              -0.592        
i_ps/system_i/system_i/axi_protocol_converter_0/inst/gen_axilite.gen_b2s_conv.axilite_b2s/RD.r_channel_0/rd_data_fifo_0/cnt_read_reg[1]_rep__2_rep/C
                               i_ps/system_i/system_i/xadc/inst/INTR_CTRLR_GEN_I.ip2bus_data_int_reg[23]/CE
                                                              -0.592        
i_ps/system_i/system_i/axi_protocol_converter_0/inst/gen_axilite.gen_b2s_conv.axilite_b2s/RD.r_channel_0/rd_data_fifo_0/cnt_read_reg[1]_rep__2_rep/C
                               i_ps/system_i/system_i/xadc/inst/INTR_CTRLR_GEN_I.ip2bus_data_int_reg[25]/CE
                                                              -0.592        
i_ps/system_i/system_i/axi_protocol_converter_0/inst/gen_axilite.gen_b2s_conv.axilite_b2s/RD.ar_channel_0/cmd_translator_0/incr_cmd_0/axaddr_incr_reg[6]/C
                               i_ps/system_i/system_i/xadc/inst/AXI_LITE_IPIF_I/I_SLAVE_ATTACHMENT/I_DECODER/GEN_BKEND_CE_REGISTERS[15].ce_out_i_reg[15]/D
                                                              -0.579        
i_ps/system_i/system_i/axi_protocol_converter_0/inst/gen_axilite.gen_b2s_conv.axilite_b2s/SI_REG/aw_pipe/m_payload_i_reg[8]/C
                               i_ps/system_i/system_i/xadc/inst/AXI_XADC_CORE_I/XADC_INST/DADDR[6]
                                                              -0.562        
i_ps/system_i/system_i/axi_protocol_converter_0/inst/gen_axilite.gen_b2s_conv.axilite_b2s/RD.ar_channel_0/cmd_translator_0/incr_cmd_0/axaddr_incr_reg[6]/C
                               i_ps/system_i/system_i/xadc/inst/AXI_LITE_IPIF_I/I_SLAVE_ATTACHMENT/I_DECODER/GEN_BKEND_CE_REGISTERS[12].ce_out_i_reg[12]/D
                                                              -0.553        
i_ps/system_i/system_i/axi_protocol_converter_0/inst/gen_axilite.gen_b2s_conv.axilite_b2s/RD.r_channel_0/transaction_fifo_0/cnt_read_reg[3]_rep__0/C
                               i_ps/system_i/system_i/axi_protocol_converter_0/inst/gen_axilite.gen_b2s_conv.axilite_b2s/RD.ar_channel_0/cmd_translator_0/wrap_cmd_0/wrap_cnt_r_reg[0]/CE
                                                              -0.552        
i_ps/system_i/system_i/axi_protocol_converter_0/inst/gen_axilite.gen_b2s_conv.axilite_b2s/RD.ar_channel_0/cmd_translator_0/incr_cmd_0/axaddr_incr_reg[6]/C
                               i_ps/system_i/system_i/xadc/inst/AXI_LITE_IPIF_I/I_SLAVE_ATTACHMENT/I_DECODER/GEN_BKEND_CE_REGISTERS[9].ce_out_i_reg[9]/D
                                                              -0.551        
i_ps/system_i/system_i/axi_protocol_converter_0/inst/gen_axilite.gen_b2s_conv.axilite_b2s/RD.ar_channel_0/cmd_translator_0/incr_cmd_0/axaddr_incr_reg[6]/C
                               i_ps/system_i/system_i/xadc/inst/AXI_LITE_IPIF_I/I_SLAVE_ATTACHMENT/I_DECODER/GEN_BKEND_CE_REGISTERS[20].ce_out_i_reg[20]/D
                                                              -0.548        
i_ps/system_i/system_i/axi_protocol_converter_0/inst/gen_axilite.gen_b2s_conv.axilite_b2s/RD.ar_channel_0/cmd_translator_0/incr_cmd_0/axaddr_incr_reg[6]/C
                               i_ps/system_i/system_i/xadc/inst/AXI_LITE_IPIF_I/I_SLAVE_ATTACHMENT/I_DECODER/GEN_BKEND_CE_REGISTERS[17].ce_out_i_reg[17]/D
                                                              -0.547        
i_ps/system_i/system_i/axi_protocol_converter_0/inst/gen_axilite.gen_b2s_conv.axilite_b2s/RD.ar_channel_0/cmd_translator_0/incr_cmd_0/axaddr_incr_reg[6]/C
                               i_ps/system_i/system_i/xadc/inst/AXI_LITE_IPIF_I/I_SLAVE_ATTACHMENT/I_DECODER/GEN_BKEND_CE_REGISTERS[18].ce_out_i_reg[18]/D
                                                              -0.540        
i_ps/system_i/system_i/xadc/inst/AXI_LITE_IPIF_I/I_SLAVE_ATTACHMENT/INCLUDE_DPHASE_TIMER.dpto_cnt_reg[6]/C
                               i_ps/system_i/system_i/axi_protocol_converter_0/inst/gen_axilite.gen_b2s_conv.axilite_b2s/RD.ar_channel_0/cmd_translator_0/incr_cmd_0/axaddr_incr_reg[6]/D
                                                              -0.536        
i_ps/system_i/system_i/axi_protocol_converter_0/inst/gen_axilite.gen_b2s_conv.axilite_b2s/RD.r_channel_0/transaction_fifo_0/cnt_read_reg[3]_rep__0/C
                               i_ps/system_i/system_i/axi_protocol_converter_0/inst/gen_axilite.gen_b2s_conv.axilite_b2s/RD.ar_channel_0/s_arid_r_reg[1]/CE
                                                              -0.524        
i_ps/system_i/system_i/axi_protocol_converter_0/inst/gen_axilite.gen_b2s_conv.axilite_b2s/RD.r_channel_0/transaction_fifo_0/cnt_read_reg[3]_rep__0/C
                               i_ps/system_i/system_i/axi_protocol_converter_0/inst/gen_axilite.gen_b2s_conv.axilite_b2s/RD.ar_channel_0/s_arid_r_reg[2]/CE
                                                              -0.524        
i_ps/system_i/system_i/axi_protocol_converter_0/inst/gen_axilite.gen_b2s_conv.axilite_b2s/RD.r_channel_0/transaction_fifo_0/cnt_read_reg[3]_rep__0/C
                               i_ps/system_i/system_i/axi_protocol_converter_0/inst/gen_axilite.gen_b2s_conv.axilite_b2s/RD.ar_channel_0/s_arid_r_reg[3]/CE
                                                              -0.524        
i_ps/system_i/system_i/axi_protocol_converter_0/inst/gen_axilite.gen_b2s_conv.axilite_b2s/RD.r_channel_0/transaction_fifo_0/cnt_read_reg[3]_rep__0/C
                               i_ps/system_i/system_i/axi_protocol_converter_0/inst/gen_axilite.gen_b2s_conv.axilite_b2s/RD.ar_channel_0/s_arid_r_reg[4]/CE
                                                              -0.524        
i_ps/system_i/system_i/axi_protocol_converter_0/inst/gen_axilite.gen_b2s_conv.axilite_b2s/RD.r_channel_0/transaction_fifo_0/cnt_read_reg[3]_rep__0/C
                               i_ps/system_i/system_i/axi_protocol_converter_0/inst/gen_axilite.gen_b2s_conv.axilite_b2s/RD.ar_channel_0/s_arid_r_reg[6]/CE
                                                              -0.524        
i_ps/system_i/system_i/axi_protocol_converter_0/inst/gen_axilite.gen_b2s_conv.axilite_b2s/RD.r_channel_0/transaction_fifo_0/cnt_read_reg[3]_rep__0/C
                               i_ps/system_i/system_i/axi_protocol_converter_0/inst/gen_axilite.gen_b2s_conv.axilite_b2s/RD.ar_channel_0/s_arid_r_reg[7]/CE
                                                              -0.524        
i_ps/system_i/system_i/axi_protocol_converter_0/inst/gen_axilite.gen_b2s_conv.axilite_b2s/RD.r_channel_0/transaction_fifo_0/cnt_read_reg[3]_rep__0/C
                               i_ps/system_i/system_i/axi_protocol_converter_0/inst/gen_axilite.gen_b2s_conv.axilite_b2s/RD.ar_channel_0/s_arid_r_reg[8]/CE
                                                              -0.524        
i_ps/system_i/system_i/axi_protocol_converter_0/inst/gen_axilite.gen_b2s_conv.axilite_b2s/RD.r_channel_0/transaction_fifo_0/cnt_read_reg[3]_rep__0/C
                               i_ps/system_i/system_i/axi_protocol_converter_0/inst/gen_axilite.gen_b2s_conv.axilite_b2s/RD.ar_channel_0/s_arid_r_reg[9]/CE
                                                              -0.524        
i_ps/system_i/system_i/axi_protocol_converter_0/inst/gen_axilite.gen_b2s_conv.axilite_b2s/RD.ar_channel_0/cmd_translator_0/incr_cmd_0/axaddr_incr_reg[6]/C
                               i_ps/system_i/system_i/xadc/inst/AXI_LITE_IPIF_I/I_SLAVE_ATTACHMENT/I_DECODER/GEN_BKEND_CE_REGISTERS[8].ce_out_i_reg[8]/D
                                                              -0.524        
i_ps/system_i/system_i/axi_protocol_converter_0/inst/gen_axilite.gen_b2s_conv.axilite_b2s/RD.ar_channel_0/cmd_translator_0/incr_cmd_0/axaddr_incr_reg[6]/C
                               i_ps/system_i/system_i/xadc/inst/AXI_LITE_IPIF_I/I_SLAVE_ATTACHMENT/I_DECODER/GEN_BKEND_CE_REGISTERS[16].ce_out_i_reg[16]/D
                                                              -0.521        
i_ps/system_i/system_i/xadc/inst/AXI_LITE_IPIF_I/I_SLAVE_ATTACHMENT/INCLUDE_DPHASE_TIMER.dpto_cnt_reg[6]/C
                               i_ps/system_i/system_i/axi_protocol_converter_0/inst/gen_axilite.gen_b2s_conv.axilite_b2s/RD.ar_channel_0/cmd_translator_0/incr_cmd_0/axaddr_incr_reg[4]/D
                                                              -0.520        
i_ps/system_i/system_i/axi_protocol_converter_0/inst/gen_axilite.gen_b2s_conv.axilite_b2s/RD.ar_channel_0/cmd_translator_0/incr_cmd_0/axaddr_incr_reg[6]/C
                               i_ps/system_i/system_i/xadc/inst/AXI_LITE_IPIF_I/I_SLAVE_ATTACHMENT/I_DECODER/GEN_BKEND_CE_REGISTERS[19].ce_out_i_reg[19]/D
                                                              -0.517        
i_ps/system_i/system_i/axi_protocol_converter_0/inst/gen_axilite.gen_b2s_conv.axilite_b2s/RD.ar_channel_0/cmd_translator_0/incr_cmd_0/axaddr_incr_reg[6]/C
                               i_ps/system_i/system_i/xadc/inst/AXI_LITE_IPIF_I/I_SLAVE_ATTACHMENT/I_DECODER/GEN_BKEND_CE_REGISTERS[11].ce_out_i_reg[11]/D
                                                              -0.516        
i_ps/system_i/system_i/axi_protocol_converter_0/inst/gen_axilite.gen_b2s_conv.axilite_b2s/RD.ar_channel_0/cmd_translator_0/incr_cmd_0/axaddr_incr_reg[6]/C
                               i_ps/system_i/system_i/xadc/inst/AXI_LITE_IPIF_I/I_SLAVE_ATTACHMENT/I_DECODER/GEN_BKEND_CE_REGISTERS[23].ce_out_i_reg[23]/D
                                                              -0.514        
i_ps/system_i/system_i/axi_protocol_converter_0/inst/gen_axilite.gen_b2s_conv.axilite_b2s/RD.r_channel_0/rd_data_fifo_0/cnt_read_reg[1]_rep__2_rep/C
                               i_ps/system_i/system_i/xadc/inst/INTR_CTRLR_GEN_I.ip2bus_data_int_reg[0]/CE
                                                              -0.513        
i_ps/system_i/system_i/axi_protocol_converter_0/inst/gen_axilite.gen_b2s_conv.axilite_b2s/RD.ar_channel_0/cmd_translator_0/incr_cmd_0/axaddr_incr_reg[6]/C
                               i_ps/system_i/system_i/xadc/inst/AXI_LITE_IPIF_I/I_SLAVE_ATTACHMENT/I_DECODER/GEN_BKEND_CE_REGISTERS[22].ce_out_i_reg[22]/D
                                                              -0.507        
i_ps/system_i/system_i/axi_protocol_converter_0/inst/gen_axilite.gen_b2s_conv.axilite_b2s/RD.ar_channel_0/cmd_translator_0/incr_cmd_0/axaddr_incr_reg[6]/C
                               i_ps/system_i/system_i/xadc/inst/AXI_LITE_IPIF_I/I_SLAVE_ATTACHMENT/I_DECODER/GEN_BKEND_CE_REGISTERS[10].ce_out_i_reg[10]/D
                                                              -0.473        
i_ps/system_i/system_i/axi_protocol_converter_0/inst/gen_axilite.gen_b2s_conv.axilite_b2s/RD.ar_channel_0/cmd_translator_0/incr_cmd_0/axaddr_incr_reg[6]/C
                               i_ps/system_i/system_i/xadc/inst/AXI_LITE_IPIF_I/I_SLAVE_ATTACHMENT/I_DECODER/GEN_BKEND_CE_REGISTERS[4].ce_out_i_reg[4]/D
                                                              -0.456        
i_ps/system_i/system_i/axi_protocol_converter_0/inst/gen_axilite.gen_b2s_conv.axilite_b2s/RD.r_channel_0/transaction_fifo_0/cnt_read_reg[3]_rep__0/C
                               i_ps/system_i/system_i/axi_protocol_converter_0/inst/gen_axilite.gen_b2s_conv.axilite_b2s/RD.ar_channel_0/s_arid_r_reg[0]/CE
                                                              -0.438        
i_ps/system_i/system_i/processing_system7/inst/PS7_i/MAXIGP1ACLK
                               i_ps/system_i/system_i/xadc/inst/INTR_CTRLR_GEN_I.ip2bus_wrack_reg/D
                                                              -0.434        
i_ps/system_i/system_i/axi_protocol_converter_0/inst/gen_axilite.gen_b2s_conv.axilite_b2s/WR.aw_channel_0/cmd_translator_0/wrap_cmd_0/sel_first_reg/C
                               i_ps/system_i/system_i/xadc/inst/AXI_XADC_CORE_I/XADC_INST/DADDR[1]
                                                              -0.431        
i_ps/system_i/system_i/axi_protocol_converter_0/inst/gen_axilite.gen_b2s_conv.axilite_b2s/RD.ar_channel_0/cmd_translator_0/incr_cmd_0/axaddr_incr_reg[6]/C
                               i_ps/system_i/system_i/xadc/inst/AXI_LITE_IPIF_I/I_SLAVE_ATTACHMENT/I_DECODER/GEN_BKEND_CE_REGISTERS[5].ce_out_i_reg[5]/D
                                                              -0.430        
i_ps/system_i/system_i/axi_protocol_converter_0/inst/gen_axilite.gen_b2s_conv.axilite_b2s/RD.ar_channel_0/cmd_translator_0/incr_cmd_0/axaddr_incr_reg[6]/C
                               i_ps/system_i/system_i/xadc/inst/AXI_LITE_IPIF_I/I_SLAVE_ATTACHMENT/I_DECODER/GEN_BKEND_CE_REGISTERS[21].ce_out_i_reg[21]/D
                                                              -0.425        
i_ps/system_i/system_i/axi_protocol_converter_0/inst/gen_axilite.gen_b2s_conv.axilite_b2s/RD.ar_channel_0/cmd_translator_0/incr_cmd_0/axaddr_incr_reg[6]/C
                               i_ps/system_i/system_i/xadc/inst/AXI_LITE_IPIF_I/I_SLAVE_ATTACHMENT/I_DECODER/GEN_BKEND_CE_REGISTERS[13].ce_out_i_reg[13]/D
                                                              -0.420        
i_ps/system_i/system_i/axi_protocol_converter_0/inst/gen_axilite.gen_b2s_conv.axilite_b2s/RD.ar_channel_0/cmd_translator_0/incr_cmd_0/axaddr_incr_reg[6]/C
                               i_ps/system_i/system_i/xadc/inst/AXI_LITE_IPIF_I/I_SLAVE_ATTACHMENT/I_DECODER/GEN_BKEND_CE_REGISTERS[3].ce_out_i_reg[3]/D
                                                              -0.395        
i_ps/system_i/system_i/axi_protocol_converter_0/inst/gen_axilite.gen_b2s_conv.axilite_b2s/RD.ar_channel_0/cmd_translator_0/incr_cmd_0/axaddr_incr_reg[6]/C
                               i_ps/system_i/system_i/xadc/inst/AXI_LITE_IPIF_I/I_SLAVE_ATTACHMENT/I_DECODER/GEN_BKEND_CE_REGISTERS[7].ce_out_i_reg[7]/D
                                                              -0.394        
i_ps/system_i/system_i/axi_protocol_converter_0/inst/gen_axilite.gen_b2s_conv.axilite_b2s/RD.ar_channel_0/ar_cmd_fsm_0/state_reg[0]/C
                               i_ps/system_i/system_i/axi_protocol_converter_0/inst/gen_axilite.gen_b2s_conv.axilite_b2s/RD.ar_channel_0/cmd_translator_0/wrap_cmd_0/wrap_cnt_r_reg[1]/D
                                                              -0.370        
i_ps/system_i/system_i/axi_protocol_converter_0/inst/gen_axilite.gen_b2s_conv.axilite_b2s/WR.aw_channel_0/cmd_translator_0/s_axburst_eq1_reg/C
                               i_ps/system_i/system_i/axi_protocol_converter_0/inst/gen_axilite.gen_b2s_conv.axilite_b2s/WR.aw_channel_0/cmd_translator_0/incr_cmd_0/axaddr_incr_reg[9]/D
                                                              -0.365        
i_ps/system_i/system_i/axi_protocol_converter_0/inst/gen_axilite.gen_b2s_conv.axilite_b2s/RD.r_channel_0/transaction_fifo_0/cnt_read_reg[3]_rep__0/C
                               i_ps/system_i/system_i/axi_protocol_converter_0/inst/gen_axilite.gen_b2s_conv.axilite_b2s/RD.ar_channel_0/s_arid_r_reg[5]/CE
                                                              -0.348        
i_ps/system_i/system_i/axi_protocol_converter_0/inst/gen_axilite.gen_b2s_conv.axilite_b2s/RD.ar_channel_0/cmd_translator_0/incr_cmd_0/axaddr_incr_reg[6]/C
                               i_ps/system_i/system_i/xadc/inst/AXI_LITE_IPIF_I/I_SLAVE_ATTACHMENT/I_DECODER/GEN_BKEND_CE_REGISTERS[0].ce_out_i_reg[0]/D
                                                              -0.348        
i_ps/system_i/system_i/axi_protocol_converter_0/inst/gen_axilite.gen_b2s_conv.axilite_b2s/RD.r_channel_0/transaction_fifo_0/cnt_read_reg[3]_rep__0/C
                               i_ps/system_i/system_i/axi_protocol_converter_0/inst/gen_axilite.gen_b2s_conv.axilite_b2s/RD.ar_channel_0/s_arid_r_reg[10]/CE
                                                              -0.325        
i_ps/system_i/system_i/axi_protocol_converter_0/inst/gen_axilite.gen_b2s_conv.axilite_b2s/RD.r_channel_0/transaction_fifo_0/cnt_read_reg[3]_rep__0/C
                               i_ps/system_i/system_i/axi_protocol_converter_0/inst/gen_axilite.gen_b2s_conv.axilite_b2s/RD.ar_channel_0/s_arid_r_reg[11]/CE
                                                              -0.325        
i_ps/system_i/system_i/processing_system7/inst/PS7_i/MAXIGP1ACLK
                               i_ps/system_i/system_i/xadc/inst/INTR_CTRLR_GEN_I.ip2bus_data_int_reg[26]/D
                                                              -0.314        
i_ps/system_i/system_i/axi_protocol_converter_0/inst/gen_axilite.gen_b2s_conv.axilite_b2s/WR.aw_channel_0/cmd_translator_0/incr_cmd_0/sel_first_reg/C
                               i_ps/system_i/system_i/xadc/inst/AXI_XADC_CORE_I/XADC_INST/DADDR[0]
                                                              -0.314        
i_ps/system_i/system_i/axi_protocol_converter_0/inst/gen_axilite.gen_b2s_conv.axilite_b2s/RD.ar_channel_0/cmd_translator_0/incr_cmd_0/axaddr_incr_reg[6]/C
                               i_ps/system_i/system_i/xadc/inst/AXI_LITE_IPIF_I/I_SLAVE_ATTACHMENT/I_DECODER/GEN_BKEND_CE_REGISTERS[6].ce_out_i_reg[6]/D
                                                              -0.313        
i_ps/system_i/system_i/axi_protocol_converter_0/inst/gen_axilite.gen_b2s_conv.axilite_b2s/RD.ar_channel_0/cmd_translator_0/incr_cmd_0/axaddr_incr_reg[6]/C
                               i_ps/system_i/system_i/xadc/inst/AXI_LITE_IPIF_I/I_SLAVE_ATTACHMENT/I_DECODER/GEN_BKEND_CE_REGISTERS[1].ce_out_i_reg[1]/D
                                                              -0.310        
i_ps/system_i/system_i/axi_protocol_converter_0/inst/gen_axilite.gen_b2s_conv.axilite_b2s/RD.r_channel_0/transaction_fifo_0/cnt_read_reg[3]_rep__0/C
                               i_ps/system_i/system_i/axi_protocol_converter_0/inst/gen_axilite.gen_b2s_conv.axilite_b2s/RD.ar_channel_0/cmd_translator_0/s_axburst_eq0_reg/CE
                                                              -0.300        
i_ps/system_i/system_i/axi_protocol_converter_0/inst/gen_axilite.gen_b2s_conv.axilite_b2s/RD.r_channel_0/transaction_fifo_0/cnt_read_reg[3]_rep__0/C
                               i_ps/system_i/system_i/axi_protocol_converter_0/inst/gen_axilite.gen_b2s_conv.axilite_b2s/RD.ar_channel_0/cmd_translator_0/s_axburst_eq1_reg/CE
                                                              -0.300        
i_ps/system_i/system_i/axi_protocol_converter_0/inst/gen_axilite.gen_b2s_conv.axilite_b2s/RD.r_channel_0/transaction_fifo_0/cnt_read_reg[3]_rep__0/C
                               i_ps/system_i/system_i/axi_protocol_converter_0/inst/gen_axilite.gen_b2s_conv.axilite_b2s/RD.ar_channel_0/cmd_translator_0/wrap_cmd_0/wrap_cnt_r_reg[1]/CE
                                                              -0.300        
i_ps/system_i/system_i/axi_protocol_converter_0/inst/gen_axilite.gen_b2s_conv.axilite_b2s/RD.r_channel_0/transaction_fifo_0/cnt_read_reg[3]_rep__0/C
                               i_ps/system_i/system_i/axi_protocol_converter_0/inst/gen_axilite.gen_b2s_conv.axilite_b2s/RD.ar_channel_0/cmd_translator_0/wrap_cmd_0/wrap_cnt_r_reg[2]/CE
                                                              -0.300        
i_ps/system_i/system_i/axi_protocol_converter_0/inst/gen_axilite.gen_b2s_conv.axilite_b2s/RD.r_channel_0/transaction_fifo_0/cnt_read_reg[3]_rep__0/C
                               i_ps/system_i/system_i/axi_protocol_converter_0/inst/gen_axilite.gen_b2s_conv.axilite_b2s/RD.ar_channel_0/cmd_translator_0/wrap_cmd_0/wrap_cnt_r_reg[3]/CE
                                                              -0.300        
i_ps/system_i/system_i/axi_protocol_converter_0/inst/gen_axilite.gen_b2s_conv.axilite_b2s/RD.ar_channel_0/ar_cmd_fsm_0/state_reg[0]/C
                               i_ps/system_i/system_i/axi_protocol_converter_0/inst/gen_axilite.gen_b2s_conv.axilite_b2s/RD.ar_channel_0/cmd_translator_0/wrap_cmd_0/wrap_cnt_r_reg[2]/D
                                                              -0.287        
i_ps/system_i/system_i/axi_protocol_converter_0/inst/gen_axilite.gen_b2s_conv.axilite_b2s/RD.ar_channel_0/ar_cmd_fsm_0/state_reg[0]/C
                               i_ps/system_i/system_i/axi_protocol_converter_0/inst/gen_axilite.gen_b2s_conv.axilite_b2s/RD.ar_channel_0/cmd_translator_0/wrap_cmd_0/wrap_cnt_r_reg[3]/D
                                                              -0.280        
i_ps/system_i/system_i/axi_protocol_converter_0/inst/gen_axilite.gen_b2s_conv.axilite_b2s/RD.ar_channel_0/cmd_translator_0/incr_cmd_0/axaddr_incr_reg[6]/C
                               i_ps/system_i/system_i/xadc/inst/AXI_LITE_IPIF_I/I_SLAVE_ATTACHMENT/I_DECODER/GEN_BKEND_CE_REGISTERS[2].ce_out_i_reg[2]/D
                                                              -0.274        
i_ps/system_i/system_i/axi_protocol_converter_0/inst/gen_axilite.gen_b2s_conv.axilite_b2s/WR.aw_channel_0/cmd_translator_0/s_axburst_eq1_reg/C
                               i_ps/system_i/system_i/axi_protocol_converter_0/inst/gen_axilite.gen_b2s_conv.axilite_b2s/WR.aw_channel_0/cmd_translator_0/incr_cmd_0/axaddr_incr_reg[10]/D
                                                              -0.270        
i_ps/system_i/system_i/xadc/inst/AXI_LITE_IPIF_I/I_SLAVE_ATTACHMENT/INCLUDE_DPHASE_TIMER.dpto_cnt_reg[6]/C
                               i_ps/system_i/system_i/axi_protocol_converter_0/inst/gen_axilite.gen_b2s_conv.axilite_b2s/WR.aw_channel_0/s_awid_r_reg[10]/CE
                                                              -0.263        
i_ps/system_i/system_i/xadc/inst/AXI_LITE_IPIF_I/I_SLAVE_ATTACHMENT/INCLUDE_DPHASE_TIMER.dpto_cnt_reg[6]/C
                               i_ps/system_i/system_i/axi_protocol_converter_0/inst/gen_axilite.gen_b2s_conv.axilite_b2s/WR.aw_channel_0/s_awid_r_reg[11]/CE
                                                              -0.263        
i_ps/system_i/system_i/xadc/inst/AXI_LITE_IPIF_I/I_SLAVE_ATTACHMENT/INCLUDE_DPHASE_TIMER.dpto_cnt_reg[6]/C
                               i_ps/system_i/system_i/axi_protocol_converter_0/inst/gen_axilite.gen_b2s_conv.axilite_b2s/WR.aw_channel_0/s_awid_r_reg[5]/CE
                                                              -0.263        
i_ps/system_i/system_i/xadc/inst/AXI_LITE_IPIF_I/I_SLAVE_ATTACHMENT/INCLUDE_DPHASE_TIMER.dpto_cnt_reg[6]/C
                               i_ps/system_i/system_i/axi_protocol_converter_0/inst/gen_axilite.gen_b2s_conv.axilite_b2s/WR.aw_channel_0/s_awid_r_reg[6]/CE
                                                              -0.263        
i_ps/system_i/system_i/xadc/inst/AXI_LITE_IPIF_I/I_SLAVE_ATTACHMENT/INCLUDE_DPHASE_TIMER.dpto_cnt_reg[6]/C
                               i_ps/system_i/system_i/axi_protocol_converter_0/inst/gen_axilite.gen_b2s_conv.axilite_b2s/WR.aw_channel_0/s_awid_r_reg[9]/CE
                                                              -0.263        
i_ps/system_i/system_i/axi_protocol_converter_0/inst/gen_axilite.gen_b2s_conv.axilite_b2s/WR.aw_channel_0/cmd_translator_0/s_axburst_eq1_reg/C
                               i_ps/system_i/system_i/axi_protocol_converter_0/inst/gen_axilite.gen_b2s_conv.axilite_b2s/WR.aw_channel_0/cmd_translator_0/incr_cmd_0/axaddr_incr_reg[8]/D
                                                              -0.254        
i_ps/system_i/system_i/processing_system7/inst/PS7_i/MAXIGP1ACLK
                               i_ps/system_i/system_i/xadc/inst/INTR_CTRLR_GEN_I.INTERRUPT_CONTROL_I/ip_irpt_enable_reg_reg[15]/CE
                                                              -0.225        
i_ps/system_i/system_i/processing_system7/inst/PS7_i/MAXIGP1ACLK
                               i_ps/system_i/system_i/xadc/inst/INTR_CTRLR_GEN_I.INTERRUPT_CONTROL_I/ip_irpt_enable_reg_reg[1]/CE
                                                              -0.225        
i_ps/system_i/system_i/processing_system7/inst/PS7_i/MAXIGP1ACLK
                               i_ps/system_i/system_i/xadc/inst/INTR_CTRLR_GEN_I.INTERRUPT_CONTROL_I/ip_irpt_enable_reg_reg[5]/CE
                                                              -0.225        
i_ps/system_i/system_i/processing_system7/inst/PS7_i/MAXIGP1ACLK
                               i_ps/system_i/system_i/xadc/inst/INTR_CTRLR_GEN_I.ip2bus_data_int_reg[25]/D
                                                              -0.212        
i_ps/system_i/system_i/axi_protocol_converter_0/inst/gen_axilite.gen_b2s_conv.axilite_b2s/SI_REG/aw_pipe/m_valid_i_reg/C
                               i_ps/system_i/system_i/axi_protocol_converter_0/inst/gen_axilite.gen_b2s_conv.axilite_b2s/WR.aw_channel_0/cmd_translator_0/wrap_cmd_0/wrap_cnt_r_reg[0]/D
                                                              -0.211        
pwm_rstn_reg/C                 pwm[2]/pwm_o_reg/R             -0.188        
i_ps/system_i/system_i/axi_protocol_converter_0/inst/gen_axilite.gen_b2s_conv.axilite_b2s/WR.aw_channel_0/cmd_translator_0/s_axburst_eq1_reg/C
                               i_ps/system_i/system_i/axi_protocol_converter_0/inst/gen_axilite.gen_b2s_conv.axilite_b2s/WR.aw_channel_0/cmd_translator_0/incr_cmd_0/axaddr_incr_reg[5]/D
                                                              -0.183        
i_ps/system_i/system_i/axi_protocol_converter_0/inst/gen_axilite.gen_b2s_conv.axilite_b2s/WR.aw_channel_0/cmd_translator_0/s_axburst_eq1_reg/C
                               i_ps/system_i/system_i/axi_protocol_converter_0/inst/gen_axilite.gen_b2s_conv.axilite_b2s/WR.aw_channel_0/cmd_translator_0/incr_cmd_0/axaddr_incr_reg[7]/D
                                                              -0.162        
i_ps/system_i/system_i/axi_protocol_converter_0/inst/gen_axilite.gen_b2s_conv.axilite_b2s/WR.aw_channel_0/cmd_translator_0/incr_cmd_0/sel_first_reg/C
                               i_ps/system_i/system_i/xadc/inst/AXI_XADC_CORE_I/XADC_INST/DADDR[3]
                                                              -0.159        
i_ps/system_i/system_i/processing_system7/inst/PS7_i/MAXIGP1ACLK
                               i_ps/system_i/system_i/xadc/inst/INTR_CTRLR_GEN_I.ip2bus_data_int_reg[16]/D
                                                              -0.157        
i_ps/system_i/system_i/axi_protocol_converter_0/inst/gen_axilite.gen_b2s_conv.axilite_b2s/RD.ar_channel_0/ar_cmd_fsm_0/state_reg[0]/C
                               i_ps/system_i/system_i/axi_protocol_converter_0/inst/gen_axilite.gen_b2s_conv.axilite_b2s/RD.ar_channel_0/cmd_translator_0/wrap_cmd_0/wrap_cnt_r_reg[0]/D
                                                              -0.147        
i_ps/system_i/system_i/xadc/inst/AXI_LITE_IPIF_I/I_SLAVE_ATTACHMENT/INCLUDE_DPHASE_TIMER.dpto_cnt_reg[6]/C
                               i_ps/system_i/system_i/axi_protocol_converter_0/inst/gen_axilite.gen_b2s_conv.axilite_b2s/RD.ar_channel_0/cmd_translator_0/incr_cmd_0/axaddr_incr_reg[3]/D
                                                              -0.143        
i_ps/system_i/system_i/axi_protocol_converter_0/inst/gen_axilite.gen_b2s_conv.axilite_b2s/SI_REG/aw_pipe/m_payload_i_reg[4]/C
                               i_ps/system_i/system_i/xadc/inst/AXI_XADC_CORE_I/XADC_INST/DADDR[2]
                                                              -0.137        
dac_dat_a_reg[13]/C            oddr_dac_dat[13]/D2            0.017         
pwm_rstn_reg/C                 pwm[1]/pwm_o_reg/R             0.037         
dac_dat_a_reg[2]/C             oddr_dac_dat[2]/D2             0.049         
pwm_rstn_reg/C                 pwm[0]/pwm_o_reg/R             0.065         
dac_dat_a_reg[3]/C             oddr_dac_dat[3]/D2             0.089         
dac_dat_a_reg[1]/C             oddr_dac_dat[1]/D2             0.097         
dac_dat_a_reg[4]/C             oddr_dac_dat[4]/D2             0.139         
pwm_rstn_reg/C                 pwm[2]/b_reg[10]/CE            0.151         
pwm_rstn_reg/C                 pwm[2]/b_reg[11]/CE            0.151         
pwm_rstn_reg/C                 pwm[2]/b_reg[12]/CE            0.151         
pwm_rstn_reg/C                 pwm[2]/b_reg[13]/CE            0.151         
dac_dat_a_reg[0]/C             oddr_dac_dat[0]/D2             0.158         
pwm_rstn_reg/C                 pwm[3]/pwm_o_reg/R             0.240         
pwm[2]/bcnt_reg[1]/C           pwm[2]/v_reg[2]/CE             0.321         
pwm[2]/bcnt_reg[1]/C           pwm[2]/v_reg[3]/CE             0.321         
pwm[2]/bcnt_reg[1]/C           pwm[2]/v_reg[4]/CE             0.321         
pwm[2]/bcnt_reg[1]/C           pwm[2]/v_reg[7]/CE             0.321         
pwm_rstn_reg/C                 pwm[2]/b_reg[4]/CE             0.337         
pwm_rstn_reg/C                 pwm[2]/b_reg[5]/CE             0.337         
pwm_rstn_reg/C                 pwm[2]/b_reg[6]/CE             0.337         
pwm[2]/bcnt_reg[1]/C           pwm[2]/v_reg[0]/CE             0.358         
pwm[2]/bcnt_reg[1]/C           pwm[2]/v_reg[1]/CE             0.358         
pwm[2]/bcnt_reg[1]/C           pwm[2]/v_reg[5]/CE             0.358         
pwm[2]/bcnt_reg[1]/C           pwm[2]/v_reg[6]/CE             0.358         
dac_rst_reg/C                  oddr_dac_dat[11]/R             0.366         
pwm[3]/vcnt_reg[4]/C           pwm[3]/v_reg[2]/CE             0.390         
pwm[3]/vcnt_reg[4]/C           pwm[3]/v_reg[3]/CE             0.390         
pwm[3]/vcnt_reg[4]/C           pwm[3]/v_reg[4]/CE             0.390         
pwm[3]/vcnt_reg[4]/C           pwm[3]/v_reg[7]/CE             0.390         
i_lock/pwm_cfg_d_reg[15]/C     pwm[3]/b_reg[15]/D             0.401         
pwm_rstn_reg/C                 pwm[0]/vcnt_reg[1]/R           0.407         
pwm_rstn_reg/C                 pwm[0]/vcnt_reg[2]/R           0.407         
pwm_rstn_reg/C                 pwm[0]/vcnt_reg[5]/R           0.407         
pwm_rstn_reg/C                 pwm[0]/vcnt_reg[6]/R           0.407         
pwm_rstn_reg/C                 pwm[0]/vcnt_reg[7]/R           0.407         
dac_rst_reg/C                  oddr_dac_dat[7]/R              0.446         
pwm_rstn_reg/C                 pwm[2]/b_reg[0]/CE             0.450         
pwm_rstn_reg/C                 pwm[2]/b_reg[1]/CE             0.450         
pwm_rstn_reg/C                 pwm[2]/b_reg[2]/CE             0.450         
pwm_rstn_reg/C                 pwm[2]/b_reg[3]/CE             0.450         
pwm_rstn_reg/C                 pwm[2]/b_reg[14]/CE            0.469         
pwm_rstn_reg/C                 pwm[2]/b_reg[15]/CE            0.469         
pwm_rstn_reg/C                 pwm[2]/b_reg[7]/CE             0.469         
pwm_rstn_reg/C                 pwm[2]/b_reg[8]/CE             0.469         
pwm_rstn_reg/C                 pwm[2]/b_reg[9]/CE             0.469         
pwm[3]/vcnt_reg[4]/C           pwm[3]/b_reg[13]/CE            0.504         
pwm[3]/vcnt_reg[4]/C           pwm[3]/b_reg[1]/CE             0.504         
pwm[3]/vcnt_reg[4]/C           pwm[3]/b_reg[2]/CE             0.504         
pwm[3]/vcnt_reg[4]/C           pwm[3]/b_reg[6]/CE             0.504         
dac_rst_reg/C                  oddr_dac_dat[10]/R             0.514         
pwm[3]/vcnt_reg[4]/C           pwm[3]/v_reg[0]/CE             0.639         
pwm[3]/vcnt_reg[4]/C           pwm[3]/v_reg[1]/CE             0.639         
pwm[3]/vcnt_reg[4]/C           pwm[3]/v_reg[5]/CE             0.639         
pwm[3]/vcnt_reg[4]/C           pwm[3]/v_reg[6]/CE             0.639         
pwm[2]/v_reg[2]/C              pwm[2]/v_r_reg[6]/D            0.654         
pwm[2]/v_reg[2]/C              pwm[2]/v_r_reg[7]/D            0.670         
pwm[3]/vcnt_reg[4]/C           pwm[3]/b_reg[14]/CE            0.693         
pwm[3]/vcnt_reg[4]/C           pwm[3]/b_reg[15]/CE            0.693         
pwm[3]/vcnt_reg[4]/C           pwm[3]/b_reg[3]/CE             0.693         
pwm[3]/vcnt_reg[4]/C           pwm[3]/b_reg[4]/CE             0.693         
pwm[3]/vcnt_reg[4]/C           pwm[3]/b_reg[5]/CE             0.693         
dac_rst_reg/C                  oddr_dac_dat[6]/R              0.702         
dac_rst_reg/C                  oddr_dac_dat[9]/R              0.735         
dac_rst_reg/C                  oddr_dac_dat[8]/R              0.737         
pwm_rstn_reg/C                 pwm[1]/vcnt_r_reg[2]/CE        0.809         
pwm_rstn_reg/C                 pwm[1]/vcnt_r_reg[3]/CE        0.809         
pwm[3]/vcnt_reg[4]/C           pwm[3]/b_reg[0]/CE             0.840         
pwm[3]/vcnt_reg[4]/C           pwm[3]/b_reg[11]/CE            0.840         
pwm[3]/vcnt_reg[4]/C           pwm[3]/b_reg[12]/CE            0.840         
pwm_rstn_reg/C                 pwm[0]/vcnt_reg[0]/R           0.843         
pwm_rstn_reg/C                 pwm[0]/vcnt_reg[3]/R           0.843         
pwm_rstn_reg/C                 pwm[0]/vcnt_reg[4]/R           0.843         
pwm_rstn_reg/C                 pwm[2]/vcnt_reg[0]/R           0.874         
pwm_rstn_reg/C                 pwm[2]/vcnt_reg[1]/R           0.874         
pwm_rstn_reg/C                 pwm[2]/vcnt_reg[5]/R           0.874         
pwm_rstn_reg/C                 pwm[2]/vcnt_reg[6]/R           0.874         
pwm_rstn_reg/C                 pwm[2]/vcnt_reg[7]/R           0.874         
pwm[3]/vcnt_reg[4]/C           pwm[3]/bcnt_reg[0]/CE          0.876         
pwm[3]/vcnt_reg[4]/C           pwm[3]/bcnt_reg[1]/CE          0.876         
pwm[3]/vcnt_reg[4]/C           pwm[3]/bcnt_reg[2]/CE          0.876         
pwm[3]/vcnt_reg[4]/C           pwm[3]/bcnt_reg[3]/CE          0.876         
pwm_rstn_reg/C                 pwm[1]/vcnt_r_reg[0]/CE        0.882         
pwm_rstn_reg/C                 pwm[1]/vcnt_r_reg[1]/CE        0.882         
dac_rst_reg/C                  oddr_dac_dat[0]/R              0.927         
pwm[3]/v_reg[1]/C              pwm[3]/v_r_reg[5]/D            0.939         
pwm[3]/v_reg[1]/C              pwm[3]/v_r_reg[6]/D            0.939         
dac_rst_reg/C                  oddr_dac_sel/R                 0.948         
pwm[3]/v_reg[1]/C              pwm[3]/v_r_reg[7]/D            0.955         
pwm_rstn_reg/C                 pwm[2]/bcnt_reg[0]/R           0.991         
pwm_rstn_reg/C                 pwm[2]/bcnt_reg[1]/R           0.991         
pwm_rstn_reg/C                 pwm[2]/bcnt_reg[2]/R           0.991         
pwm_rstn_reg/C                 pwm[2]/bcnt_reg[3]/R           0.991         
pwm[3]/vcnt_reg[4]/C           pwm[3]/b_reg[10]/CE            0.994         
pwm[3]/vcnt_reg[4]/C           pwm[3]/b_reg[7]/CE             0.994         
pwm[3]/vcnt_reg[4]/C           pwm[3]/b_reg[8]/CE             0.994         
pwm[3]/vcnt_reg[4]/C           pwm[3]/b_reg[9]/CE             0.994         
pwm_rstn_reg/C                 pwm[1]/vcnt_reg[1]/R           1.005         
pwm_rstn_reg/C                 pwm[1]/vcnt_reg[2]/R           1.005         
pwm_rstn_reg/C                 pwm[1]/vcnt_reg[6]/R           1.005         
pwm_rstn_reg/C                 pwm[1]/vcnt_reg[7]/R           1.005         
i_lock/pwm_cfg_c_reg[2]/C      pwm[2]/b_reg[2]/D              1.007         
pwm[2]/vcnt_reg[4]/C           pwm[2]/bcnt_reg[0]/CE          1.012         
pwm[2]/vcnt_reg[4]/C           pwm[2]/bcnt_reg[1]/CE          1.012         
pwm[2]/vcnt_reg[4]/C           pwm[2]/bcnt_reg[2]/CE          1.012         
pwm[2]/vcnt_reg[4]/C           pwm[2]/bcnt_reg[3]/CE          1.012         
dac_dat_a_reg[12]/C            oddr_dac_dat[12]/D2            1.028         
i_lock/pwm_cfg_c_reg[11]/C     pwm[2]/b_reg[11]/D             1.030         
i_lock/pwm_cfg_c_reg[9]/C      pwm[2]/b_reg[9]/D              1.031         
pwm_rstn_reg/C                 pwm[1]/vcnt_r_reg[4]/CE        1.034         
pwm_rstn_reg/C                 pwm[1]/vcnt_r_reg[5]/CE        1.034         
dac_rst_reg/C                  oddr_dac_dat[1]/R              1.065         
dac_rst_reg/C                  oddr_dac_dat[3]/R              1.081         
dac_rst_reg/C                  oddr_dac_dat[12]/R             1.091         
dac_rst_reg/C                  oddr_dac_dat[13]/R             1.101         
dac_dat_a_reg[9]/C             oddr_dac_dat[9]/D2             1.135         
dac_rst_reg/C                  oddr_dac_dat[2]/R              1.166         
dac_rst_reg/C                  oddr_dac_dat[5]/R              1.189         
dac_rst_reg/C                  oddr_dac_dat[4]/R              1.217         
dac_dat_a_reg[7]/C             oddr_dac_dat[7]/D2             1.307         
dac_dat_a_reg[8]/C             oddr_dac_dat[8]/D2             1.308         
dac_dat_a_reg[6]/C             oddr_dac_dat[6]/D2             1.419         
dac_dat_a_reg[11]/C            oddr_dac_dat[11]/D2            1.603         
dac_dat_a_reg[5]/C             oddr_dac_dat[5]/D2             1.642         
dac_rst_reg/C                  oddr_dac_rst/D2                1.973         
dac_dat_a_reg[10]/C            oddr_dac_dat[10]/D2            2.000         
dac_dat_b_reg[13]/C            oddr_dac_dat[13]/D1            3.417         
dac_dat_b_reg[8]/C             oddr_dac_dat[8]/D1             5.095         
dac_rst_reg/C                  oddr_dac_rst/D1                5.111         
dac_dat_b_reg[12]/C            oddr_dac_dat[12]/D1            5.286         
dac_dat_b_reg[0]/C             oddr_dac_dat[0]/D1             5.390         
dac_dat_b_reg[6]/C             oddr_dac_dat[6]/D1             5.422         
dac_dat_b_reg[1]/C             oddr_dac_dat[1]/D1             5.557         
dac_dat_b_reg[2]/C             oddr_dac_dat[2]/D1             5.576         
dac_dat_b_reg[7]/C             oddr_dac_dat[7]/D1             5.630         
dac_dat_b_reg[9]/C             oddr_dac_dat[9]/D1             5.663         
dac_dat_b_reg[3]/C             oddr_dac_dat[3]/D1             5.681         
dac_dat_b_reg[4]/C             oddr_dac_dat[4]/D1             5.751         
dac_dat_b_reg[5]/C             oddr_dac_dat[5]/D1             5.839         
dac_dat_b_reg[11]/C            oddr_dac_dat[11]/D1            5.849         
dac_dat_b_reg[10]/C            oddr_dac_dat[10]/D1            5.894         



